ERROR - 2023-08-05 00:36:23 --> Error connecting to the database: mysqli_sql_exception: No se puede establecer una conexión ya que el equipo de destino denegó expresamente dicha conexión in C:\xampp\htdocs\crud_codeigniter\system\Database\MySQLi\Connection.php:173
Stack trace:
#0 C:\xampp\htdocs\crud_codeigniter\system\Database\MySQLi\Connection.php(173): mysqli->real_connect('localhost', 'root', Object(SensitiveParameterValue), 'operaciones', 3307, '', 0)
#1 C:\xampp\htdocs\crud_codeigniter\system\Database\BaseConnection.php(391): CodeIgniter\Database\MySQLi\Connection->connect(false)
#2 C:\xampp\htdocs\crud_codeigniter\system\Database\BaseConnection.php(574): CodeIgniter\Database\BaseConnection->initialize()
#3 C:\xampp\htdocs\crud_codeigniter\system\Database\BaseBuilder.php(1616): CodeIgniter\Database\BaseConnection->query('SELECT *\nFROM `...', Array, false)
#4 C:\xampp\htdocs\crud_codeigniter\system\Model.php(241): CodeIgniter\Database\BaseBuilder->get()
#5 C:\xampp\htdocs\crud_codeigniter\system\BaseModel.php(618): CodeIgniter\Model->doFindAll(0, 0)
#6 C:\xampp\htdocs\crud_codeigniter\app\Controllers\Operaciones.php(54): CodeIgniter\BaseModel->findAll()
#7 C:\xampp\htdocs\crud_codeigniter\system\CodeIgniter.php(932): App\Controllers\Operaciones->ver_operaciones()
#8 C:\xampp\htdocs\crud_codeigniter\system\CodeIgniter.php(497): CodeIgniter\CodeIgniter->runController(Object(App\Controllers\Operaciones))
#9 C:\xampp\htdocs\crud_codeigniter\system\CodeIgniter.php(366): CodeIgniter\CodeIgniter->handleRequest(NULL, Object(Config\Cache), false)
#10 C:\xampp\htdocs\crud_codeigniter\public\index.php(67): CodeIgniter\CodeIgniter->run()
#11 {main}

Next CodeIgniter\Database\Exceptions\DatabaseException: No se puede establecer una conexión ya que el equipo de destino denegó expresamente dicha conexión in C:\xampp\htdocs\crud_codeigniter\system\Database\MySQLi\Connection.php:218
Stack trace:
#0 C:\xampp\htdocs\crud_codeigniter\system\Database\BaseConnection.php(391): CodeIgniter\Database\MySQLi\Connection->connect(false)
#1 C:\xampp\htdocs\crud_codeigniter\system\Database\BaseConnection.php(574): CodeIgniter\Database\BaseConnection->initialize()
#2 C:\xampp\htdocs\crud_codeigniter\system\Database\BaseBuilder.php(1616): CodeIgniter\Database\BaseConnection->query('SELECT *\nFROM `...', Array, false)
#3 C:\xampp\htdocs\crud_codeigniter\system\Model.php(241): CodeIgniter\Database\BaseBuilder->get()
#4 C:\xampp\htdocs\crud_codeigniter\system\BaseModel.php(618): CodeIgniter\Model->doFindAll(0, 0)
#5 C:\xampp\htdocs\crud_codeigniter\app\Controllers\Operaciones.php(54): CodeIgniter\BaseModel->findAll()
#6 C:\xampp\htdocs\crud_codeigniter\system\CodeIgniter.php(932): App\Controllers\Operaciones->ver_operaciones()
#7 C:\xampp\htdocs\crud_codeigniter\system\CodeIgniter.php(497): CodeIgniter\CodeIgniter->runController(Object(App\Controllers\Operaciones))
#8 C:\xampp\htdocs\crud_codeigniter\system\CodeIgniter.php(366): CodeIgniter\CodeIgniter->handleRequest(NULL, Object(Config\Cache), false)
#9 C:\xampp\htdocs\crud_codeigniter\public\index.php(67): CodeIgniter\CodeIgniter->run()
#10 {main}
CRITICAL - 2023-08-05 00:36:23 --> Unable to connect to the database.
Main connection [MySQLi]: No se puede establecer una conexión ya que el equipo de destino denegó expresamente dicha conexión
in SYSTEMPATH\Database\BaseConnection.php on line 427.
 1 SYSTEMPATH\Database\BaseConnection.php(574): CodeIgniter\Database\BaseConnection->initialize()
 2 SYSTEMPATH\Database\BaseBuilder.php(1616): CodeIgniter\Database\BaseConnection->query('SELECT *
FROM `operaciones`', [], false)
 3 SYSTEMPATH\Model.php(241): CodeIgniter\Database\BaseBuilder->get()
 4 SYSTEMPATH\BaseModel.php(618): CodeIgniter\Model->doFindAll(0, 0)
 5 APPPATH\Controllers\Operaciones.php(54): CodeIgniter\BaseModel->findAll()
 6 SYSTEMPATH\CodeIgniter.php(932): App\Controllers\Operaciones->ver_operaciones()
 7 SYSTEMPATH\CodeIgniter.php(497): CodeIgniter\CodeIgniter->runController(Object(App\Controllers\Operaciones))
 8 SYSTEMPATH\CodeIgniter.php(366): CodeIgniter\CodeIgniter->handleRequest(null, Object(Config\Cache), false)
 9 FCPATH\index.php(67): CodeIgniter\CodeIgniter->run()
ERROR - 2023-08-05 00:44:03 --> Error connecting to the database: mysqli_sql_exception: Access denied for user 'root'@'localhost' (using password: YES) in C:\xampp\htdocs\crud_codeigniter\system\Database\MySQLi\Connection.php:173
Stack trace:
#0 C:\xampp\htdocs\crud_codeigniter\system\Database\MySQLi\Connection.php(173): mysqli->real_connect('localhost', 'root', Object(SensitiveParameterValue), 'operaciones', 3306, '', 0)
#1 C:\xampp\htdocs\crud_codeigniter\system\Database\BaseConnection.php(391): CodeIgniter\Database\MySQLi\Connection->connect(false)
#2 C:\xampp\htdocs\crud_codeigniter\system\Database\BaseConnection.php(574): CodeIgniter\Database\BaseConnection->initialize()
#3 C:\xampp\htdocs\crud_codeigniter\system\Database\BaseBuilder.php(1616): CodeIgniter\Database\BaseConnection->query('SELECT *\nFROM `...', Array, false)
#4 C:\xampp\htdocs\crud_codeigniter\system\Model.php(241): CodeIgniter\Database\BaseBuilder->get()
#5 C:\xampp\htdocs\crud_codeigniter\system\BaseModel.php(618): CodeIgniter\Model->doFindAll(0, 0)
#6 C:\xampp\htdocs\crud_codeigniter\app\Controllers\Operaciones.php(57): CodeIgniter\BaseModel->findAll()
#7 C:\xampp\htdocs\crud_codeigniter\system\CodeIgniter.php(932): App\Controllers\Operaciones->ver_operaciones()
#8 C:\xampp\htdocs\crud_codeigniter\system\CodeIgniter.php(497): CodeIgniter\CodeIgniter->runController(Object(App\Controllers\Operaciones))
#9 C:\xampp\htdocs\crud_codeigniter\system\CodeIgniter.php(366): CodeIgniter\CodeIgniter->handleRequest(NULL, Object(Config\Cache), false)
#10 C:\xampp\htdocs\crud_codeigniter\public\index.php(67): CodeIgniter\CodeIgniter->run()
#11 {main}

Next CodeIgniter\Database\Exceptions\DatabaseException: Access denied for user '****'@'localhost' (using password: YES) in C:\xampp\htdocs\crud_codeigniter\system\Database\MySQLi\Connection.php:218
Stack trace:
#0 C:\xampp\htdocs\crud_codeigniter\system\Database\BaseConnection.php(391): CodeIgniter\Database\MySQLi\Connection->connect(false)
#1 C:\xampp\htdocs\crud_codeigniter\system\Database\BaseConnection.php(574): CodeIgniter\Database\BaseConnection->initialize()
#2 C:\xampp\htdocs\crud_codeigniter\system\Database\BaseBuilder.php(1616): CodeIgniter\Database\BaseConnection->query('SELECT *\nFROM `...', Array, false)
#3 C:\xampp\htdocs\crud_codeigniter\system\Model.php(241): CodeIgniter\Database\BaseBuilder->get()
#4 C:\xampp\htdocs\crud_codeigniter\system\BaseModel.php(618): CodeIgniter\Model->doFindAll(0, 0)
#5 C:\xampp\htdocs\crud_codeigniter\app\Controllers\Operaciones.php(57): CodeIgniter\BaseModel->findAll()
#6 C:\xampp\htdocs\crud_codeigniter\system\CodeIgniter.php(932): App\Controllers\Operaciones->ver_operaciones()
#7 C:\xampp\htdocs\crud_codeigniter\system\CodeIgniter.php(497): CodeIgniter\CodeIgniter->runController(Object(App\Controllers\Operaciones))
#8 C:\xampp\htdocs\crud_codeigniter\system\CodeIgniter.php(366): CodeIgniter\CodeIgniter->handleRequest(NULL, Object(Config\Cache), false)
#9 C:\xampp\htdocs\crud_codeigniter\public\index.php(67): CodeIgniter\CodeIgniter->run()
#10 {main}
CRITICAL - 2023-08-05 00:44:03 --> Unable to connect to the database.
Main connection [MySQLi]: Access denied for user '****'@'localhost' (using password: YES)
in SYSTEMPATH\Database\BaseConnection.php on line 427.
 1 SYSTEMPATH\Database\BaseConnection.php(574): CodeIgniter\Database\BaseConnection->initialize()
 2 SYSTEMPATH\Database\BaseBuilder.php(1616): CodeIgniter\Database\BaseConnection->query('SELECT *
FROM `operaciones`', [], false)
 3 SYSTEMPATH\Model.php(241): CodeIgniter\Database\BaseBuilder->get()
 4 SYSTEMPATH\BaseModel.php(618): CodeIgniter\Model->doFindAll(0, 0)
 5 APPPATH\Controllers\Operaciones.php(57): CodeIgniter\BaseModel->findAll()
 6 SYSTEMPATH\CodeIgniter.php(932): App\Controllers\Operaciones->ver_operaciones()
 7 SYSTEMPATH\CodeIgniter.php(497): CodeIgniter\CodeIgniter->runController(Object(App\Controllers\Operaciones))
 8 SYSTEMPATH\CodeIgniter.php(366): CodeIgniter\CodeIgniter->handleRequest(null, Object(Config\Cache), false)
 9 FCPATH\index.php(67): CodeIgniter\CodeIgniter->run()
ERROR - 2023-08-05 00:44:03 --> Error connecting to the database: mysqli_sql_exception: Access denied for user 'root'@'localhost' (using password: YES) in C:\xampp\htdocs\crud_codeigniter\system\Database\MySQLi\Connection.php:173
Stack trace:
#0 C:\xampp\htdocs\crud_codeigniter\system\Database\MySQLi\Connection.php(173): mysqli->real_connect('localhost', 'root', Object(SensitiveParameterValue), 'operaciones', 3306, '', 0)
#1 C:\xampp\htdocs\crud_codeigniter\system\Database\BaseConnection.php(391): CodeIgniter\Database\MySQLi\Connection->connect(false)
#2 C:\xampp\htdocs\crud_codeigniter\system\Database\BaseConnection.php(574): CodeIgniter\Database\BaseConnection->initialize()
#3 C:\xampp\htdocs\crud_codeigniter\system\Database\BaseBuilder.php(1616): CodeIgniter\Database\BaseConnection->query('SELECT *\nFROM `...', Array, false)
#4 C:\xampp\htdocs\crud_codeigniter\system\Model.php(241): CodeIgniter\Database\BaseBuilder->get()
#5 C:\xampp\htdocs\crud_codeigniter\system\BaseModel.php(618): CodeIgniter\Model->doFindAll(0, 0)
#6 C:\xampp\htdocs\crud_codeigniter\app\Controllers\Operaciones.php(57): CodeIgniter\BaseModel->findAll()
#7 C:\xampp\htdocs\crud_codeigniter\system\CodeIgniter.php(932): App\Controllers\Operaciones->ver_operaciones()
#8 C:\xampp\htdocs\crud_codeigniter\system\CodeIgniter.php(497): CodeIgniter\CodeIgniter->runController(Object(App\Controllers\Operaciones))
#9 C:\xampp\htdocs\crud_codeigniter\system\CodeIgniter.php(366): CodeIgniter\CodeIgniter->handleRequest(NULL, Object(Config\Cache), false)
#10 C:\xampp\htdocs\crud_codeigniter\public\index.php(67): CodeIgniter\CodeIgniter->run()
#11 {main}

Next CodeIgniter\Database\Exceptions\DatabaseException: Access denied for user '****'@'localhost' (using password: YES) in C:\xampp\htdocs\crud_codeigniter\system\Database\MySQLi\Connection.php:218
Stack trace:
#0 C:\xampp\htdocs\crud_codeigniter\system\Database\BaseConnection.php(391): CodeIgniter\Database\MySQLi\Connection->connect(false)
#1 C:\xampp\htdocs\crud_codeigniter\system\Database\BaseConnection.php(574): CodeIgniter\Database\BaseConnection->initialize()
#2 C:\xampp\htdocs\crud_codeigniter\system\Database\BaseBuilder.php(1616): CodeIgniter\Database\BaseConnection->query('SELECT *\nFROM `...', Array, false)
#3 C:\xampp\htdocs\crud_codeigniter\system\Model.php(241): CodeIgniter\Database\BaseBuilder->get()
#4 C:\xampp\htdocs\crud_codeigniter\system\BaseModel.php(618): CodeIgniter\Model->doFindAll(0, 0)
#5 C:\xampp\htdocs\crud_codeigniter\app\Controllers\Operaciones.php(57): CodeIgniter\BaseModel->findAll()
#6 C:\xampp\htdocs\crud_codeigniter\system\CodeIgniter.php(932): App\Controllers\Operaciones->ver_operaciones()
#7 C:\xampp\htdocs\crud_codeigniter\system\CodeIgniter.php(497): CodeIgniter\CodeIgniter->runController(Object(App\Controllers\Operaciones))
#8 C:\xampp\htdocs\crud_codeigniter\system\CodeIgniter.php(366): CodeIgniter\CodeIgniter->handleRequest(NULL, Object(Config\Cache), false)
#9 C:\xampp\htdocs\crud_codeigniter\public\index.php(67): CodeIgniter\CodeIgniter->run()
#10 {main}
CRITICAL - 2023-08-05 00:44:03 --> Unable to connect to the database.
Main connection [MySQLi]: Access denied for user '****'@'localhost' (using password: YES)
in SYSTEMPATH\Database\BaseConnection.php on line 427.
 1 SYSTEMPATH\Database\BaseConnection.php(574): CodeIgniter\Database\BaseConnection->initialize()
 2 SYSTEMPATH\Database\BaseBuilder.php(1616): CodeIgniter\Database\BaseConnection->query('SELECT *
FROM `operaciones`', [], false)
 3 SYSTEMPATH\Model.php(241): CodeIgniter\Database\BaseBuilder->get()
 4 SYSTEMPATH\BaseModel.php(618): CodeIgniter\Model->doFindAll(0, 0)
 5 APPPATH\Controllers\Operaciones.php(57): CodeIgniter\BaseModel->findAll()
 6 SYSTEMPATH\CodeIgniter.php(932): App\Controllers\Operaciones->ver_operaciones()
 7 SYSTEMPATH\CodeIgniter.php(497): CodeIgniter\CodeIgniter->runController(Object(App\Controllers\Operaciones))
 8 SYSTEMPATH\CodeIgniter.php(366): CodeIgniter\CodeIgniter->handleRequest(null, Object(Config\Cache), false)
 9 FCPATH\index.php(67): CodeIgniter\CodeIgniter->run()
CRITICAL - 2023-08-05 00:51:51 --> Undefined variable $operaciones
in APPPATH\Views\ver_operaciones.php on line 15.
 1 APPPATH\Views\ver_operaciones.php(15): CodeIgniter\Debug\Exceptions->errorHandler(2, 'Undefined variable $operaciones', 'C:\\xampp\\htdocs\\crud_codeigniter\\app\\Views\\ver_operaciones.php', 15)
 2 SYSTEMPATH\View\View.php(224): include('C:\\xampp\\htdocs\\crud_codeigniter\\app\\Views\\ver_operaciones.php')
 3 SYSTEMPATH\View\View.php(227): CodeIgniter\View\View->CodeIgniter\View\{closure}()
 4 SYSTEMPATH\Common.php(1176): CodeIgniter\View\View->render('ver_operaciones', [], true)
 5 APPPATH\Controllers\Operaciones.php(59): view('ver_operaciones', [...])
 6 SYSTEMPATH\CodeIgniter.php(932): App\Controllers\Operaciones->ver_operaciones()
 7 SYSTEMPATH\CodeIgniter.php(497): CodeIgniter\CodeIgniter->runController(Object(App\Controllers\Operaciones))
 8 SYSTEMPATH\CodeIgniter.php(366): CodeIgniter\CodeIgniter->handleRequest(null, Object(Config\Cache), false)
 9 FCPATH\index.php(67): CodeIgniter\CodeIgniter->run()
CRITICAL - 2023-08-05 00:51:51 --> Undefined variable $operaciones
in APPPATH\Views\ver_operaciones.php on line 15.
 1 APPPATH\Views\ver_operaciones.php(15): CodeIgniter\Debug\Exceptions->errorHandler(2, 'Undefined variable $operaciones', 'C:\\xampp\\htdocs\\crud_codeigniter\\app\\Views\\ver_operaciones.php', 15)
 2 SYSTEMPATH\View\View.php(224): include('C:\\xampp\\htdocs\\crud_codeigniter\\app\\Views\\ver_operaciones.php')
 3 SYSTEMPATH\View\View.php(227): CodeIgniter\View\View->CodeIgniter\View\{closure}()
 4 SYSTEMPATH\Common.php(1176): CodeIgniter\View\View->render('ver_operaciones', [], true)
 5 APPPATH\Controllers\Operaciones.php(59): view('ver_operaciones', [...])
 6 SYSTEMPATH\CodeIgniter.php(932): App\Controllers\Operaciones->ver_operaciones()
 7 SYSTEMPATH\CodeIgniter.php(497): CodeIgniter\CodeIgniter->runController(Object(App\Controllers\Operaciones))
 8 SYSTEMPATH\CodeIgniter.php(366): CodeIgniter\CodeIgniter->handleRequest(null, Object(Config\Cache), false)
 9 FCPATH\index.php(67): CodeIgniter\CodeIgniter->run()
CRITICAL - 2023-08-05 00:52:01 --> Undefined variable $operaciones
in APPPATH\Views\ver_operaciones.php on line 15.
 1 APPPATH\Views\ver_operaciones.php(15): CodeIgniter\Debug\Exceptions->errorHandler(2, 'Undefined variable $operaciones', 'C:\\xampp\\htdocs\\crud_codeigniter\\app\\Views\\ver_operaciones.php', 15)
 2 SYSTEMPATH\View\View.php(224): include('C:\\xampp\\htdocs\\crud_codeigniter\\app\\Views\\ver_operaciones.php')
 3 SYSTEMPATH\View\View.php(227): CodeIgniter\View\View->CodeIgniter\View\{closure}()
 4 SYSTEMPATH\Common.php(1176): CodeIgniter\View\View->render('ver_operaciones', [], true)
 5 APPPATH\Controllers\Operaciones.php(56): view('ver_operaciones', [...])
 6 SYSTEMPATH\CodeIgniter.php(932): App\Controllers\Operaciones->ver_operaciones()
 7 SYSTEMPATH\CodeIgniter.php(497): CodeIgniter\CodeIgniter->runController(Object(App\Controllers\Operaciones))
 8 SYSTEMPATH\CodeIgniter.php(366): CodeIgniter\CodeIgniter->handleRequest(null, Object(Config\Cache), false)
 9 FCPATH\index.php(67): CodeIgniter\CodeIgniter->run()
CRITICAL - 2023-08-05 00:52:01 --> Undefined variable $operaciones
in APPPATH\Views\ver_operaciones.php on line 15.
 1 APPPATH\Views\ver_operaciones.php(15): CodeIgniter\Debug\Exceptions->errorHandler(2, 'Undefined variable $operaciones', 'C:\\xampp\\htdocs\\crud_codeigniter\\app\\Views\\ver_operaciones.php', 15)
 2 SYSTEMPATH\View\View.php(224): include('C:\\xampp\\htdocs\\crud_codeigniter\\app\\Views\\ver_operaciones.php')
 3 SYSTEMPATH\View\View.php(227): CodeIgniter\View\View->CodeIgniter\View\{closure}()
 4 SYSTEMPATH\Common.php(1176): CodeIgniter\View\View->render('ver_operaciones', [], true)
 5 APPPATH\Controllers\Operaciones.php(56): view('ver_operaciones', [...])
 6 SYSTEMPATH\CodeIgniter.php(932): App\Controllers\Operaciones->ver_operaciones()
 7 SYSTEMPATH\CodeIgniter.php(497): CodeIgniter\CodeIgniter->runController(Object(App\Controllers\Operaciones))
 8 SYSTEMPATH\CodeIgniter.php(366): CodeIgniter\CodeIgniter->handleRequest(null, Object(Config\Cache), false)
 9 FCPATH\index.php(67): CodeIgniter\CodeIgniter->run()
CRITICAL - 2023-08-05 00:52:02 --> Undefined variable $operaciones
in APPPATH\Views\ver_operaciones.php on line 15.
 1 APPPATH\Views\ver_operaciones.php(15): CodeIgniter\Debug\Exceptions->errorHandler(2, 'Undefined variable $operaciones', 'C:\\xampp\\htdocs\\crud_codeigniter\\app\\Views\\ver_operaciones.php', 15)
 2 SYSTEMPATH\View\View.php(224): include('C:\\xampp\\htdocs\\crud_codeigniter\\app\\Views\\ver_operaciones.php')
 3 SYSTEMPATH\View\View.php(227): CodeIgniter\View\View->CodeIgniter\View\{closure}()
 4 SYSTEMPATH\Common.php(1176): CodeIgniter\View\View->render('ver_operaciones', [], true)
 5 APPPATH\Controllers\Operaciones.php(56): view('ver_operaciones', [...])
 6 SYSTEMPATH\CodeIgniter.php(932): App\Controllers\Operaciones->ver_operaciones()
 7 SYSTEMPATH\CodeIgniter.php(497): CodeIgniter\CodeIgniter->runController(Object(App\Controllers\Operaciones))
 8 SYSTEMPATH\CodeIgniter.php(366): CodeIgniter\CodeIgniter->handleRequest(null, Object(Config\Cache), false)
 9 FCPATH\index.php(67): CodeIgniter\CodeIgniter->run()
CRITICAL - 2023-08-05 00:52:11 --> Undefined variable $operaciones
in APPPATH\Views\ver_operaciones.php on line 15.
 1 APPPATH\Views\ver_operaciones.php(15): CodeIgniter\Debug\Exceptions->errorHandler(2, 'Undefined variable $operaciones', 'C:\\xampp\\htdocs\\crud_codeigniter\\app\\Views\\ver_operaciones.php', 15)
 2 SYSTEMPATH\View\View.php(224): include('C:\\xampp\\htdocs\\crud_codeigniter\\app\\Views\\ver_operaciones.php')
 3 SYSTEMPATH\View\View.php(227): CodeIgniter\View\View->CodeIgniter\View\{closure}()
 4 SYSTEMPATH\Common.php(1176): CodeIgniter\View\View->render('ver_operaciones', [], true)
 5 APPPATH\Controllers\Operaciones.php(56): view('ver_operaciones', [...])
 6 SYSTEMPATH\CodeIgniter.php(932): App\Controllers\Operaciones->ver_operaciones()
 7 SYSTEMPATH\CodeIgniter.php(497): CodeIgniter\CodeIgniter->runController(Object(App\Controllers\Operaciones))
 8 SYSTEMPATH\CodeIgniter.php(366): CodeIgniter\CodeIgniter->handleRequest(null, Object(Config\Cache), false)
 9 FCPATH\index.php(67): CodeIgniter\CodeIgniter->run()
CRITICAL - 2023-08-05 00:54:43 --> Undefined variable $operaciones
in APPPATH\Views\ver_operaciones.php on line 15.
 1 APPPATH\Views\ver_operaciones.php(15): CodeIgniter\Debug\Exceptions->errorHandler(2, 'Undefined variable $operaciones', 'C:\\xampp\\htdocs\\crud_codeigniter\\app\\Views\\ver_operaciones.php', 15)
 2 SYSTEMPATH\View\View.php(224): include('C:\\xampp\\htdocs\\crud_codeigniter\\app\\Views\\ver_operaciones.php')
 3 SYSTEMPATH\View\View.php(227): CodeIgniter\View\View->CodeIgniter\View\{closure}()
 4 SYSTEMPATH\Common.php(1176): CodeIgniter\View\View->render('ver_operaciones', [], true)
 5 APPPATH\Controllers\Operaciones.php(59): view('ver_operaciones', [...])
 6 SYSTEMPATH\CodeIgniter.php(932): App\Controllers\Operaciones->ver_operaciones()
 7 SYSTEMPATH\CodeIgniter.php(497): CodeIgniter\CodeIgniter->runController(Object(App\Controllers\Operaciones))
 8 SYSTEMPATH\CodeIgniter.php(366): CodeIgniter\CodeIgniter->handleRequest(null, Object(Config\Cache), false)
 9 FCPATH\index.php(67): CodeIgniter\CodeIgniter->run()
CRITICAL - 2023-08-05 00:54:43 --> Undefined variable $operaciones
in APPPATH\Views\ver_operaciones.php on line 15.
 1 APPPATH\Views\ver_operaciones.php(15): CodeIgniter\Debug\Exceptions->errorHandler(2, 'Undefined variable $operaciones', 'C:\\xampp\\htdocs\\crud_codeigniter\\app\\Views\\ver_operaciones.php', 15)
 2 SYSTEMPATH\View\View.php(224): include('C:\\xampp\\htdocs\\crud_codeigniter\\app\\Views\\ver_operaciones.php')
 3 SYSTEMPATH\View\View.php(227): CodeIgniter\View\View->CodeIgniter\View\{closure}()
 4 SYSTEMPATH\Common.php(1176): CodeIgniter\View\View->render('ver_operaciones', [], true)
 5 APPPATH\Controllers\Operaciones.php(59): view('ver_operaciones', [...])
 6 SYSTEMPATH\CodeIgniter.php(932): App\Controllers\Operaciones->ver_operaciones()
 7 SYSTEMPATH\CodeIgniter.php(497): CodeIgniter\CodeIgniter->runController(Object(App\Controllers\Operaciones))
 8 SYSTEMPATH\CodeIgniter.php(366): CodeIgniter\CodeIgniter->handleRequest(null, Object(Config\Cache), false)
 9 FCPATH\index.php(67): CodeIgniter\CodeIgniter->run()
CRITICAL - 2023-08-05 00:54:44 --> Undefined variable $operaciones
in APPPATH\Views\ver_operaciones.php on line 15.
 1 APPPATH\Views\ver_operaciones.php(15): CodeIgniter\Debug\Exceptions->errorHandler(2, 'Undefined variable $operaciones', 'C:\\xampp\\htdocs\\crud_codeigniter\\app\\Views\\ver_operaciones.php', 15)
 2 SYSTEMPATH\View\View.php(224): include('C:\\xampp\\htdocs\\crud_codeigniter\\app\\Views\\ver_operaciones.php')
 3 SYSTEMPATH\View\View.php(227): CodeIgniter\View\View->CodeIgniter\View\{closure}()
 4 SYSTEMPATH\Common.php(1176): CodeIgniter\View\View->render('ver_operaciones', [], true)
 5 APPPATH\Controllers\Operaciones.php(59): view('ver_operaciones', [...])
 6 SYSTEMPATH\CodeIgniter.php(932): App\Controllers\Operaciones->ver_operaciones()
 7 SYSTEMPATH\CodeIgniter.php(497): CodeIgniter\CodeIgniter->runController(Object(App\Controllers\Operaciones))
 8 SYSTEMPATH\CodeIgniter.php(366): CodeIgniter\CodeIgniter->handleRequest(null, Object(Config\Cache), false)
 9 FCPATH\index.php(67): CodeIgniter\CodeIgniter->run()
CRITICAL - 2023-08-05 00:54:44 --> Undefined variable $operaciones
in APPPATH\Views\ver_operaciones.php on line 15.
 1 APPPATH\Views\ver_operaciones.php(15): CodeIgniter\Debug\Exceptions->errorHandler(2, 'Undefined variable $operaciones', 'C:\\xampp\\htdocs\\crud_codeigniter\\app\\Views\\ver_operaciones.php', 15)
 2 SYSTEMPATH\View\View.php(224): include('C:\\xampp\\htdocs\\crud_codeigniter\\app\\Views\\ver_operaciones.php')
 3 SYSTEMPATH\View\View.php(227): CodeIgniter\View\View->CodeIgniter\View\{closure}()
 4 SYSTEMPATH\Common.php(1176): CodeIgniter\View\View->render('ver_operaciones', [], true)
 5 APPPATH\Controllers\Operaciones.php(59): view('ver_operaciones', [...])
 6 SYSTEMPATH\CodeIgniter.php(932): App\Controllers\Operaciones->ver_operaciones()
 7 SYSTEMPATH\CodeIgniter.php(497): CodeIgniter\CodeIgniter->runController(Object(App\Controllers\Operaciones))
 8 SYSTEMPATH\CodeIgniter.php(366): CodeIgniter\CodeIgniter->handleRequest(null, Object(Config\Cache), false)
 9 FCPATH\index.php(67): CodeIgniter\CodeIgniter->run()
CRITICAL - 2023-08-05 00:54:44 --> Undefined variable $operaciones
in APPPATH\Views\ver_operaciones.php on line 15.
 1 APPPATH\Views\ver_operaciones.php(15): CodeIgniter\Debug\Exceptions->errorHandler(2, 'Undefined variable $operaciones', 'C:\\xampp\\htdocs\\crud_codeigniter\\app\\Views\\ver_operaciones.php', 15)
 2 SYSTEMPATH\View\View.php(224): include('C:\\xampp\\htdocs\\crud_codeigniter\\app\\Views\\ver_operaciones.php')
 3 SYSTEMPATH\View\View.php(227): CodeIgniter\View\View->CodeIgniter\View\{closure}()
 4 SYSTEMPATH\Common.php(1176): CodeIgniter\View\View->render('ver_operaciones', [], true)
 5 APPPATH\Controllers\Operaciones.php(59): view('ver_operaciones', [...])
 6 SYSTEMPATH\CodeIgniter.php(932): App\Controllers\Operaciones->ver_operaciones()
 7 SYSTEMPATH\CodeIgniter.php(497): CodeIgniter\CodeIgniter->runController(Object(App\Controllers\Operaciones))
 8 SYSTEMPATH\CodeIgniter.php(366): CodeIgniter\CodeIgniter->handleRequest(null, Object(Config\Cache), false)
 9 FCPATH\index.php(67): CodeIgniter\CodeIgniter->run()
CRITICAL - 2023-08-05 00:54:45 --> Undefined variable $operaciones
in APPPATH\Views\ver_operaciones.php on line 15.
 1 APPPATH\Views\ver_operaciones.php(15): CodeIgniter\Debug\Exceptions->errorHandler(2, 'Undefined variable $operaciones', 'C:\\xampp\\htdocs\\crud_codeigniter\\app\\Views\\ver_operaciones.php', 15)
 2 SYSTEMPATH\View\View.php(224): include('C:\\xampp\\htdocs\\crud_codeigniter\\app\\Views\\ver_operaciones.php')
 3 SYSTEMPATH\View\View.php(227): CodeIgniter\View\View->CodeIgniter\View\{closure}()
 4 SYSTEMPATH\Common.php(1176): CodeIgniter\View\View->render('ver_operaciones', [], true)
 5 APPPATH\Controllers\Operaciones.php(59): view('ver_operaciones', [...])
 6 SYSTEMPATH\CodeIgniter.php(932): App\Controllers\Operaciones->ver_operaciones()
 7 SYSTEMPATH\CodeIgniter.php(497): CodeIgniter\CodeIgniter->runController(Object(App\Controllers\Operaciones))
 8 SYSTEMPATH\CodeIgniter.php(366): CodeIgniter\CodeIgniter->handleRequest(null, Object(Config\Cache), false)
 9 FCPATH\index.php(67): CodeIgniter\CodeIgniter->run()
CRITICAL - 2023-08-05 00:54:45 --> Undefined variable $operaciones
in APPPATH\Views\ver_operaciones.php on line 15.
 1 APPPATH\Views\ver_operaciones.php(15): CodeIgniter\Debug\Exceptions->errorHandler(2, 'Undefined variable $operaciones', 'C:\\xampp\\htdocs\\crud_codeigniter\\app\\Views\\ver_operaciones.php', 15)
 2 SYSTEMPATH\View\View.php(224): include('C:\\xampp\\htdocs\\crud_codeigniter\\app\\Views\\ver_operaciones.php')
 3 SYSTEMPATH\View\View.php(227): CodeIgniter\View\View->CodeIgniter\View\{closure}()
 4 SYSTEMPATH\Common.php(1176): CodeIgniter\View\View->render('ver_operaciones', [], true)
 5 APPPATH\Controllers\Operaciones.php(59): view('ver_operaciones', [...])
 6 SYSTEMPATH\CodeIgniter.php(932): App\Controllers\Operaciones->ver_operaciones()
 7 SYSTEMPATH\CodeIgniter.php(497): CodeIgniter\CodeIgniter->runController(Object(App\Controllers\Operaciones))
 8 SYSTEMPATH\CodeIgniter.php(366): CodeIgniter\CodeIgniter->handleRequest(null, Object(Config\Cache), false)
 9 FCPATH\index.php(67): CodeIgniter\CodeIgniter->run()
CRITICAL - 2023-08-05 00:54:45 --> Undefined variable $operaciones
in APPPATH\Views\ver_operaciones.php on line 15.
 1 APPPATH\Views\ver_operaciones.php(15): CodeIgniter\Debug\Exceptions->errorHandler(2, 'Undefined variable $operaciones', 'C:\\xampp\\htdocs\\crud_codeigniter\\app\\Views\\ver_operaciones.php', 15)
 2 SYSTEMPATH\View\View.php(224): include('C:\\xampp\\htdocs\\crud_codeigniter\\app\\Views\\ver_operaciones.php')
 3 SYSTEMPATH\View\View.php(227): CodeIgniter\View\View->CodeIgniter\View\{closure}()
 4 SYSTEMPATH\Common.php(1176): CodeIgniter\View\View->render('ver_operaciones', [], true)
 5 APPPATH\Controllers\Operaciones.php(59): view('ver_operaciones', [...])
 6 SYSTEMPATH\CodeIgniter.php(932): App\Controllers\Operaciones->ver_operaciones()
 7 SYSTEMPATH\CodeIgniter.php(497): CodeIgniter\CodeIgniter->runController(Object(App\Controllers\Operaciones))
 8 SYSTEMPATH\CodeIgniter.php(366): CodeIgniter\CodeIgniter->handleRequest(null, Object(Config\Cache), false)
 9 FCPATH\index.php(67): CodeIgniter\CodeIgniter->run()
CRITICAL - 2023-08-05 00:54:46 --> Undefined variable $operaciones
in APPPATH\Views\ver_operaciones.php on line 15.
 1 APPPATH\Views\ver_operaciones.php(15): CodeIgniter\Debug\Exceptions->errorHandler(2, 'Undefined variable $operaciones', 'C:\\xampp\\htdocs\\crud_codeigniter\\app\\Views\\ver_operaciones.php', 15)
 2 SYSTEMPATH\View\View.php(224): include('C:\\xampp\\htdocs\\crud_codeigniter\\app\\Views\\ver_operaciones.php')
 3 SYSTEMPATH\View\View.php(227): CodeIgniter\View\View->CodeIgniter\View\{closure}()
 4 SYSTEMPATH\Common.php(1176): CodeIgniter\View\View->render('ver_operaciones', [], true)
 5 APPPATH\Controllers\Operaciones.php(59): view('ver_operaciones', [...])
 6 SYSTEMPATH\CodeIgniter.php(932): App\Controllers\Operaciones->ver_operaciones()
 7 SYSTEMPATH\CodeIgniter.php(497): CodeIgniter\CodeIgniter->runController(Object(App\Controllers\Operaciones))
 8 SYSTEMPATH\CodeIgniter.php(366): CodeIgniter\CodeIgniter->handleRequest(null, Object(Config\Cache), false)
 9 FCPATH\index.php(67): CodeIgniter\CodeIgniter->run()
ERROR - 2023-08-05 01:00:48 --> Error connecting to the database: mysqli_sql_exception: No se puede establecer una conexión ya que el equipo de destino denegó expresamente dicha conexión in C:\xampp\htdocs\crud_codeigniter\system\Database\MySQLi\Connection.php:173
Stack trace:
#0 C:\xampp\htdocs\crud_codeigniter\system\Database\MySQLi\Connection.php(173): mysqli->real_connect('127.0.0.1', 'root', Object(SensitiveParameterValue), 'operaciones', 3307, '', 0)
#1 C:\xampp\htdocs\crud_codeigniter\system\Database\BaseConnection.php(391): CodeIgniter\Database\MySQLi\Connection->connect(false)
#2 C:\xampp\htdocs\crud_codeigniter\system\Database\BaseConnection.php(574): CodeIgniter\Database\BaseConnection->initialize()
#3 C:\xampp\htdocs\crud_codeigniter\system\Database\BaseBuilder.php(1616): CodeIgniter\Database\BaseConnection->query('SELECT *\nFROM `...', Array, false)
#4 C:\xampp\htdocs\crud_codeigniter\system\Model.php(241): CodeIgniter\Database\BaseBuilder->get()
#5 C:\xampp\htdocs\crud_codeigniter\system\BaseModel.php(618): CodeIgniter\Model->doFindAll(0, 0)
#6 C:\xampp\htdocs\crud_codeigniter\app\Controllers\Operaciones.php(57): CodeIgniter\BaseModel->findAll()
#7 C:\xampp\htdocs\crud_codeigniter\system\CodeIgniter.php(932): App\Controllers\Operaciones->ver_operaciones()
#8 C:\xampp\htdocs\crud_codeigniter\system\CodeIgniter.php(497): CodeIgniter\CodeIgniter->runController(Object(App\Controllers\Operaciones))
#9 C:\xampp\htdocs\crud_codeigniter\system\CodeIgniter.php(366): CodeIgniter\CodeIgniter->handleRequest(NULL, Object(Config\Cache), false)
#10 C:\xampp\htdocs\crud_codeigniter\public\index.php(67): CodeIgniter\CodeIgniter->run()
#11 {main}

Next CodeIgniter\Database\Exceptions\DatabaseException: No se puede establecer una conexión ya que el equipo de destino denegó expresamente dicha conexión in C:\xampp\htdocs\crud_codeigniter\system\Database\MySQLi\Connection.php:218
Stack trace:
#0 C:\xampp\htdocs\crud_codeigniter\system\Database\BaseConnection.php(391): CodeIgniter\Database\MySQLi\Connection->connect(false)
#1 C:\xampp\htdocs\crud_codeigniter\system\Database\BaseConnection.php(574): CodeIgniter\Database\BaseConnection->initialize()
#2 C:\xampp\htdocs\crud_codeigniter\system\Database\BaseBuilder.php(1616): CodeIgniter\Database\BaseConnection->query('SELECT *\nFROM `...', Array, false)
#3 C:\xampp\htdocs\crud_codeigniter\system\Model.php(241): CodeIgniter\Database\BaseBuilder->get()
#4 C:\xampp\htdocs\crud_codeigniter\system\BaseModel.php(618): CodeIgniter\Model->doFindAll(0, 0)
#5 C:\xampp\htdocs\crud_codeigniter\app\Controllers\Operaciones.php(57): CodeIgniter\BaseModel->findAll()
#6 C:\xampp\htdocs\crud_codeigniter\system\CodeIgniter.php(932): App\Controllers\Operaciones->ver_operaciones()
#7 C:\xampp\htdocs\crud_codeigniter\system\CodeIgniter.php(497): CodeIgniter\CodeIgniter->runController(Object(App\Controllers\Operaciones))
#8 C:\xampp\htdocs\crud_codeigniter\system\CodeIgniter.php(366): CodeIgniter\CodeIgniter->handleRequest(NULL, Object(Config\Cache), false)
#9 C:\xampp\htdocs\crud_codeigniter\public\index.php(67): CodeIgniter\CodeIgniter->run()
#10 {main}
CRITICAL - 2023-08-05 01:00:48 --> Unable to connect to the database.
Main connection [MySQLi]: No se puede establecer una conexión ya que el equipo de destino denegó expresamente dicha conexión
in SYSTEMPATH\Database\BaseConnection.php on line 427.
 1 SYSTEMPATH\Database\BaseConnection.php(574): CodeIgniter\Database\BaseConnection->initialize()
 2 SYSTEMPATH\Database\BaseBuilder.php(1616): CodeIgniter\Database\BaseConnection->query('SELECT *
FROM `operaciones`', [], false)
 3 SYSTEMPATH\Model.php(241): CodeIgniter\Database\BaseBuilder->get()
 4 SYSTEMPATH\BaseModel.php(618): CodeIgniter\Model->doFindAll(0, 0)
 5 APPPATH\Controllers\Operaciones.php(57): CodeIgniter\BaseModel->findAll()
 6 SYSTEMPATH\CodeIgniter.php(932): App\Controllers\Operaciones->ver_operaciones()
 7 SYSTEMPATH\CodeIgniter.php(497): CodeIgniter\CodeIgniter->runController(Object(App\Controllers\Operaciones))
 8 SYSTEMPATH\CodeIgniter.php(366): CodeIgniter\CodeIgniter->handleRequest(null, Object(Config\Cache), false)
 9 FCPATH\index.php(67): CodeIgniter\CodeIgniter->run()
ERROR - 2023-08-05 01:00:48 --> Error connecting to the database: mysqli_sql_exception: No se puede establecer una conexión ya que el equipo de destino denegó expresamente dicha conexión in C:\xampp\htdocs\crud_codeigniter\system\Database\MySQLi\Connection.php:173
Stack trace:
#0 C:\xampp\htdocs\crud_codeigniter\system\Database\MySQLi\Connection.php(173): mysqli->real_connect('127.0.0.1', 'root', Object(SensitiveParameterValue), 'operaciones', 3307, '', 0)
#1 C:\xampp\htdocs\crud_codeigniter\system\Database\BaseConnection.php(391): CodeIgniter\Database\MySQLi\Connection->connect(false)
#2 C:\xampp\htdocs\crud_codeigniter\system\Database\BaseConnection.php(574): CodeIgniter\Database\BaseConnection->initialize()
#3 C:\xampp\htdocs\crud_codeigniter\system\Database\BaseBuilder.php(1616): CodeIgniter\Database\BaseConnection->query('SELECT *\nFROM `...', Array, false)
#4 C:\xampp\htdocs\crud_codeigniter\system\Model.php(241): CodeIgniter\Database\BaseBuilder->get()
#5 C:\xampp\htdocs\crud_codeigniter\system\BaseModel.php(618): CodeIgniter\Model->doFindAll(0, 0)
#6 C:\xampp\htdocs\crud_codeigniter\app\Controllers\Operaciones.php(57): CodeIgniter\BaseModel->findAll()
#7 C:\xampp\htdocs\crud_codeigniter\system\CodeIgniter.php(932): App\Controllers\Operaciones->ver_operaciones()
#8 C:\xampp\htdocs\crud_codeigniter\system\CodeIgniter.php(497): CodeIgniter\CodeIgniter->runController(Object(App\Controllers\Operaciones))
#9 C:\xampp\htdocs\crud_codeigniter\system\CodeIgniter.php(366): CodeIgniter\CodeIgniter->handleRequest(NULL, Object(Config\Cache), false)
#10 C:\xampp\htdocs\crud_codeigniter\public\index.php(67): CodeIgniter\CodeIgniter->run()
#11 {main}

Next CodeIgniter\Database\Exceptions\DatabaseException: No se puede establecer una conexión ya que el equipo de destino denegó expresamente dicha conexión in C:\xampp\htdocs\crud_codeigniter\system\Database\MySQLi\Connection.php:218
Stack trace:
#0 C:\xampp\htdocs\crud_codeigniter\system\Database\BaseConnection.php(391): CodeIgniter\Database\MySQLi\Connection->connect(false)
#1 C:\xampp\htdocs\crud_codeigniter\system\Database\BaseConnection.php(574): CodeIgniter\Database\BaseConnection->initialize()
#2 C:\xampp\htdocs\crud_codeigniter\system\Database\BaseBuilder.php(1616): CodeIgniter\Database\BaseConnection->query('SELECT *\nFROM `...', Array, false)
#3 C:\xampp\htdocs\crud_codeigniter\system\Model.php(241): CodeIgniter\Database\BaseBuilder->get()
#4 C:\xampp\htdocs\crud_codeigniter\system\BaseModel.php(618): CodeIgniter\Model->doFindAll(0, 0)
#5 C:\xampp\htdocs\crud_codeigniter\app\Controllers\Operaciones.php(57): CodeIgniter\BaseModel->findAll()
#6 C:\xampp\htdocs\crud_codeigniter\system\CodeIgniter.php(932): App\Controllers\Operaciones->ver_operaciones()
#7 C:\xampp\htdocs\crud_codeigniter\system\CodeIgniter.php(497): CodeIgniter\CodeIgniter->runController(Object(App\Controllers\Operaciones))
#8 C:\xampp\htdocs\crud_codeigniter\system\CodeIgniter.php(366): CodeIgniter\CodeIgniter->handleRequest(NULL, Object(Config\Cache), false)
#9 C:\xampp\htdocs\crud_codeigniter\public\index.php(67): CodeIgniter\CodeIgniter->run()
#10 {main}
CRITICAL - 2023-08-05 01:00:48 --> Unable to connect to the database.
Main connection [MySQLi]: No se puede establecer una conexión ya que el equipo de destino denegó expresamente dicha conexión
in SYSTEMPATH\Database\BaseConnection.php on line 427.
 1 SYSTEMPATH\Database\BaseConnection.php(574): CodeIgniter\Database\BaseConnection->initialize()
 2 SYSTEMPATH\Database\BaseBuilder.php(1616): CodeIgniter\Database\BaseConnection->query('SELECT *
FROM `operaciones`', [], false)
 3 SYSTEMPATH\Model.php(241): CodeIgniter\Database\BaseBuilder->get()
 4 SYSTEMPATH\BaseModel.php(618): CodeIgniter\Model->doFindAll(0, 0)
 5 APPPATH\Controllers\Operaciones.php(57): CodeIgniter\BaseModel->findAll()
 6 SYSTEMPATH\CodeIgniter.php(932): App\Controllers\Operaciones->ver_operaciones()
 7 SYSTEMPATH\CodeIgniter.php(497): CodeIgniter\CodeIgniter->runController(Object(App\Controllers\Operaciones))
 8 SYSTEMPATH\CodeIgniter.php(366): CodeIgniter\CodeIgniter->handleRequest(null, Object(Config\Cache), false)
 9 FCPATH\index.php(67): CodeIgniter\CodeIgniter->run()
ERROR - 2023-08-05 01:02:17 --> Error connecting to the database: mysqli_sql_exception: Access denied for user 'root'@'localhost' (using password: YES) in C:\xampp\htdocs\crud_codeigniter\system\Database\MySQLi\Connection.php:173
Stack trace:
#0 C:\xampp\htdocs\crud_codeigniter\system\Database\MySQLi\Connection.php(173): mysqli->real_connect('127.0.0.1', 'root', Object(SensitiveParameterValue), 'operaciones', 3307, '', 0)
#1 C:\xampp\htdocs\crud_codeigniter\system\Database\BaseConnection.php(391): CodeIgniter\Database\MySQLi\Connection->connect(false)
#2 C:\xampp\htdocs\crud_codeigniter\system\Database\BaseConnection.php(574): CodeIgniter\Database\BaseConnection->initialize()
#3 C:\xampp\htdocs\crud_codeigniter\system\Database\BaseBuilder.php(1616): CodeIgniter\Database\BaseConnection->query('SELECT *\nFROM `...', Array, false)
#4 C:\xampp\htdocs\crud_codeigniter\system\Model.php(241): CodeIgniter\Database\BaseBuilder->get()
#5 C:\xampp\htdocs\crud_codeigniter\system\BaseModel.php(618): CodeIgniter\Model->doFindAll(0, 0)
#6 C:\xampp\htdocs\crud_codeigniter\app\Controllers\Operaciones.php(57): CodeIgniter\BaseModel->findAll()
#7 C:\xampp\htdocs\crud_codeigniter\system\CodeIgniter.php(932): App\Controllers\Operaciones->ver_operaciones()
#8 C:\xampp\htdocs\crud_codeigniter\system\CodeIgniter.php(497): CodeIgniter\CodeIgniter->runController(Object(App\Controllers\Operaciones))
#9 C:\xampp\htdocs\crud_codeigniter\system\CodeIgniter.php(366): CodeIgniter\CodeIgniter->handleRequest(NULL, Object(Config\Cache), false)
#10 C:\xampp\htdocs\crud_codeigniter\public\index.php(67): CodeIgniter\CodeIgniter->run()
#11 {main}

Next CodeIgniter\Database\Exceptions\DatabaseException: Access denied for user '****'@'localhost' (using password: YES) in C:\xampp\htdocs\crud_codeigniter\system\Database\MySQLi\Connection.php:218
Stack trace:
#0 C:\xampp\htdocs\crud_codeigniter\system\Database\BaseConnection.php(391): CodeIgniter\Database\MySQLi\Connection->connect(false)
#1 C:\xampp\htdocs\crud_codeigniter\system\Database\BaseConnection.php(574): CodeIgniter\Database\BaseConnection->initialize()
#2 C:\xampp\htdocs\crud_codeigniter\system\Database\BaseBuilder.php(1616): CodeIgniter\Database\BaseConnection->query('SELECT *\nFROM `...', Array, false)
#3 C:\xampp\htdocs\crud_codeigniter\system\Model.php(241): CodeIgniter\Database\BaseBuilder->get()
#4 C:\xampp\htdocs\crud_codeigniter\system\BaseModel.php(618): CodeIgniter\Model->doFindAll(0, 0)
#5 C:\xampp\htdocs\crud_codeigniter\app\Controllers\Operaciones.php(57): CodeIgniter\BaseModel->findAll()
#6 C:\xampp\htdocs\crud_codeigniter\system\CodeIgniter.php(932): App\Controllers\Operaciones->ver_operaciones()
#7 C:\xampp\htdocs\crud_codeigniter\system\CodeIgniter.php(497): CodeIgniter\CodeIgniter->runController(Object(App\Controllers\Operaciones))
#8 C:\xampp\htdocs\crud_codeigniter\system\CodeIgniter.php(366): CodeIgniter\CodeIgniter->handleRequest(NULL, Object(Config\Cache), false)
#9 C:\xampp\htdocs\crud_codeigniter\public\index.php(67): CodeIgniter\CodeIgniter->run()
#10 {main}
CRITICAL - 2023-08-05 01:02:17 --> Unable to connect to the database.
Main connection [MySQLi]: Access denied for user '****'@'localhost' (using password: YES)
in SYSTEMPATH\Database\BaseConnection.php on line 427.
 1 SYSTEMPATH\Database\BaseConnection.php(574): CodeIgniter\Database\BaseConnection->initialize()
 2 SYSTEMPATH\Database\BaseBuilder.php(1616): CodeIgniter\Database\BaseConnection->query('SELECT *
FROM `operaciones`', [], false)
 3 SYSTEMPATH\Model.php(241): CodeIgniter\Database\BaseBuilder->get()
 4 SYSTEMPATH\BaseModel.php(618): CodeIgniter\Model->doFindAll(0, 0)
 5 APPPATH\Controllers\Operaciones.php(57): CodeIgniter\BaseModel->findAll()
 6 SYSTEMPATH\CodeIgniter.php(932): App\Controllers\Operaciones->ver_operaciones()
 7 SYSTEMPATH\CodeIgniter.php(497): CodeIgniter\CodeIgniter->runController(Object(App\Controllers\Operaciones))
 8 SYSTEMPATH\CodeIgniter.php(366): CodeIgniter\CodeIgniter->handleRequest(null, Object(Config\Cache), false)
 9 FCPATH\index.php(67): CodeIgniter\CodeIgniter->run()
ERROR - 2023-08-05 01:02:18 --> Error connecting to the database: mysqli_sql_exception: Access denied for user 'root'@'localhost' (using password: YES) in C:\xampp\htdocs\crud_codeigniter\system\Database\MySQLi\Connection.php:173
Stack trace:
#0 C:\xampp\htdocs\crud_codeigniter\system\Database\MySQLi\Connection.php(173): mysqli->real_connect('127.0.0.1', 'root', Object(SensitiveParameterValue), 'operaciones', 3307, '', 0)
#1 C:\xampp\htdocs\crud_codeigniter\system\Database\BaseConnection.php(391): CodeIgniter\Database\MySQLi\Connection->connect(false)
#2 C:\xampp\htdocs\crud_codeigniter\system\Database\BaseConnection.php(574): CodeIgniter\Database\BaseConnection->initialize()
#3 C:\xampp\htdocs\crud_codeigniter\system\Database\BaseBuilder.php(1616): CodeIgniter\Database\BaseConnection->query('SELECT *\nFROM `...', Array, false)
#4 C:\xampp\htdocs\crud_codeigniter\system\Model.php(241): CodeIgniter\Database\BaseBuilder->get()
#5 C:\xampp\htdocs\crud_codeigniter\system\BaseModel.php(618): CodeIgniter\Model->doFindAll(0, 0)
#6 C:\xampp\htdocs\crud_codeigniter\app\Controllers\Operaciones.php(57): CodeIgniter\BaseModel->findAll()
#7 C:\xampp\htdocs\crud_codeigniter\system\CodeIgniter.php(932): App\Controllers\Operaciones->ver_operaciones()
#8 C:\xampp\htdocs\crud_codeigniter\system\CodeIgniter.php(497): CodeIgniter\CodeIgniter->runController(Object(App\Controllers\Operaciones))
#9 C:\xampp\htdocs\crud_codeigniter\system\CodeIgniter.php(366): CodeIgniter\CodeIgniter->handleRequest(NULL, Object(Config\Cache), false)
#10 C:\xampp\htdocs\crud_codeigniter\public\index.php(67): CodeIgniter\CodeIgniter->run()
#11 {main}

Next CodeIgniter\Database\Exceptions\DatabaseException: Access denied for user '****'@'localhost' (using password: YES) in C:\xampp\htdocs\crud_codeigniter\system\Database\MySQLi\Connection.php:218
Stack trace:
#0 C:\xampp\htdocs\crud_codeigniter\system\Database\BaseConnection.php(391): CodeIgniter\Database\MySQLi\Connection->connect(false)
#1 C:\xampp\htdocs\crud_codeigniter\system\Database\BaseConnection.php(574): CodeIgniter\Database\BaseConnection->initialize()
#2 C:\xampp\htdocs\crud_codeigniter\system\Database\BaseBuilder.php(1616): CodeIgniter\Database\BaseConnection->query('SELECT *\nFROM `...', Array, false)
#3 C:\xampp\htdocs\crud_codeigniter\system\Model.php(241): CodeIgniter\Database\BaseBuilder->get()
#4 C:\xampp\htdocs\crud_codeigniter\system\BaseModel.php(618): CodeIgniter\Model->doFindAll(0, 0)
#5 C:\xampp\htdocs\crud_codeigniter\app\Controllers\Operaciones.php(57): CodeIgniter\BaseModel->findAll()
#6 C:\xampp\htdocs\crud_codeigniter\system\CodeIgniter.php(932): App\Controllers\Operaciones->ver_operaciones()
#7 C:\xampp\htdocs\crud_codeigniter\system\CodeIgniter.php(497): CodeIgniter\CodeIgniter->runController(Object(App\Controllers\Operaciones))
#8 C:\xampp\htdocs\crud_codeigniter\system\CodeIgniter.php(366): CodeIgniter\CodeIgniter->handleRequest(NULL, Object(Config\Cache), false)
#9 C:\xampp\htdocs\crud_codeigniter\public\index.php(67): CodeIgniter\CodeIgniter->run()
#10 {main}
CRITICAL - 2023-08-05 01:02:18 --> Unable to connect to the database.
Main connection [MySQLi]: Access denied for user '****'@'localhost' (using password: YES)
in SYSTEMPATH\Database\BaseConnection.php on line 427.
 1 SYSTEMPATH\Database\BaseConnection.php(574): CodeIgniter\Database\BaseConnection->initialize()
 2 SYSTEMPATH\Database\BaseBuilder.php(1616): CodeIgniter\Database\BaseConnection->query('SELECT *
FROM `operaciones`', [], false)
 3 SYSTEMPATH\Model.php(241): CodeIgniter\Database\BaseBuilder->get()
 4 SYSTEMPATH\BaseModel.php(618): CodeIgniter\Model->doFindAll(0, 0)
 5 APPPATH\Controllers\Operaciones.php(57): CodeIgniter\BaseModel->findAll()
 6 SYSTEMPATH\CodeIgniter.php(932): App\Controllers\Operaciones->ver_operaciones()
 7 SYSTEMPATH\CodeIgniter.php(497): CodeIgniter\CodeIgniter->runController(Object(App\Controllers\Operaciones))
 8 SYSTEMPATH\CodeIgniter.php(366): CodeIgniter\CodeIgniter->handleRequest(null, Object(Config\Cache), false)
 9 FCPATH\index.php(67): CodeIgniter\CodeIgniter->run()
CRITICAL - 2023-08-05 01:21:10 --> Undefined variable $registros
in APPPATH\Views\ver_operaciones.php on line 15.
 1 APPPATH\Views\ver_operaciones.php(15): CodeIgniter\Debug\Exceptions->errorHandler(2, 'Undefined variable $registros', 'C:\\xampp\\htdocs\\crud_codeigniter\\app\\Views\\ver_operaciones.php', 15)
 2 SYSTEMPATH\View\View.php(224): include('C:\\xampp\\htdocs\\crud_codeigniter\\app\\Views\\ver_operaciones.php')
 3 SYSTEMPATH\View\View.php(227): CodeIgniter\View\View->CodeIgniter\View\{closure}()
 4 SYSTEMPATH\Common.php(1176): CodeIgniter\View\View->render('ver_operaciones', [], true)
 5 APPPATH\Controllers\Operaciones.php(56): view('ver_operaciones', [...])
 6 SYSTEMPATH\CodeIgniter.php(932): App\Controllers\Operaciones->ver_operaciones()
 7 SYSTEMPATH\CodeIgniter.php(497): CodeIgniter\CodeIgniter->runController(Object(App\Controllers\Operaciones))
 8 SYSTEMPATH\CodeIgniter.php(366): CodeIgniter\CodeIgniter->handleRequest(null, Object(Config\Cache), false)
 9 FCPATH\index.php(67): CodeIgniter\CodeIgniter->run()
CRITICAL - 2023-08-05 01:22:15 --> Undefined variable $registros
in APPPATH\Views\ver_operaciones.php on line 15.
 1 APPPATH\Views\ver_operaciones.php(15): CodeIgniter\Debug\Exceptions->errorHandler(2, 'Undefined variable $registros', 'C:\\xampp\\htdocs\\crud_codeigniter\\app\\Views\\ver_operaciones.php', 15)
 2 SYSTEMPATH\View\View.php(224): include('C:\\xampp\\htdocs\\crud_codeigniter\\app\\Views\\ver_operaciones.php')
 3 SYSTEMPATH\View\View.php(227): CodeIgniter\View\View->CodeIgniter\View\{closure}()
 4 SYSTEMPATH\Common.php(1176): CodeIgniter\View\View->render('ver_operaciones', [], true)
 5 APPPATH\Controllers\Operaciones.php(56): view('ver_operaciones', [...])
 6 SYSTEMPATH\CodeIgniter.php(932): App\Controllers\Operaciones->ver_operaciones()
 7 SYSTEMPATH\CodeIgniter.php(497): CodeIgniter\CodeIgniter->runController(Object(App\Controllers\Operaciones))
 8 SYSTEMPATH\CodeIgniter.php(366): CodeIgniter\CodeIgniter->handleRequest(null, Object(Config\Cache), false)
 9 FCPATH\index.php(67): CodeIgniter\CodeIgniter->run()
CRITICAL - 2023-08-05 01:22:31 --> Undefined variable $registros
in APPPATH\Views\ver_operaciones.php on line 15.
 1 APPPATH\Views\ver_operaciones.php(15): CodeIgniter\Debug\Exceptions->errorHandler(2, 'Undefined variable $registros', 'C:\\xampp\\htdocs\\crud_codeigniter\\app\\Views\\ver_operaciones.php', 15)
 2 SYSTEMPATH\View\View.php(224): include('C:\\xampp\\htdocs\\crud_codeigniter\\app\\Views\\ver_operaciones.php')
 3 SYSTEMPATH\View\View.php(227): CodeIgniter\View\View->CodeIgniter\View\{closure}()
 4 SYSTEMPATH\Common.php(1176): CodeIgniter\View\View->render('ver_operaciones', [], true)
 5 APPPATH\Controllers\Operaciones.php(56): view('ver_operaciones', [...])
 6 SYSTEMPATH\CodeIgniter.php(932): App\Controllers\Operaciones->ver_operaciones()
 7 SYSTEMPATH\CodeIgniter.php(497): CodeIgniter\CodeIgniter->runController(Object(App\Controllers\Operaciones))
 8 SYSTEMPATH\CodeIgniter.php(366): CodeIgniter\CodeIgniter->handleRequest(null, Object(Config\Cache), false)
 9 FCPATH\index.php(67): CodeIgniter\CodeIgniter->run()
CRITICAL - 2023-08-05 01:24:36 --> Undefined variable $registros
in APPPATH\Views\ver_operaciones.php on line 15.
 1 APPPATH\Views\ver_operaciones.php(15): CodeIgniter\Debug\Exceptions->errorHandler(2, 'Undefined variable $registros', 'C:\\xampp\\htdocs\\crud_codeigniter\\app\\Views\\ver_operaciones.php', 15)
 2 SYSTEMPATH\View\View.php(224): include('C:\\xampp\\htdocs\\crud_codeigniter\\app\\Views\\ver_operaciones.php')
 3 SYSTEMPATH\View\View.php(227): CodeIgniter\View\View->CodeIgniter\View\{closure}()
 4 SYSTEMPATH\Common.php(1176): CodeIgniter\View\View->render('ver_operaciones', [], true)
 5 APPPATH\Controllers\Operaciones.php(56): view('ver_operaciones', [...])
 6 SYSTEMPATH\CodeIgniter.php(932): App\Controllers\Operaciones->ver_operaciones()
 7 SYSTEMPATH\CodeIgniter.php(497): CodeIgniter\CodeIgniter->runController(Object(App\Controllers\Operaciones))
 8 SYSTEMPATH\CodeIgniter.php(366): CodeIgniter\CodeIgniter->handleRequest(null, Object(Config\Cache), false)
 9 FCPATH\index.php(67): CodeIgniter\CodeIgniter->run()
CRITICAL - 2023-08-05 01:25:32 --> Undefined variable $registros
in APPPATH\Views\ver_operaciones.php on line 15.
 1 APPPATH\Views\ver_operaciones.php(15): CodeIgniter\Debug\Exceptions->errorHandler(2, 'Undefined variable $registros', 'C:\\xampp\\htdocs\\crud_codeigniter\\app\\Views\\ver_operaciones.php', 15)
 2 SYSTEMPATH\View\View.php(224): include('C:\\xampp\\htdocs\\crud_codeigniter\\app\\Views\\ver_operaciones.php')
 3 SYSTEMPATH\View\View.php(227): CodeIgniter\View\View->CodeIgniter\View\{closure}()
 4 SYSTEMPATH\Common.php(1176): CodeIgniter\View\View->render('ver_operaciones', [], true)
 5 APPPATH\Controllers\Operaciones.php(59): view('ver_operaciones', [...])
 6 SYSTEMPATH\CodeIgniter.php(932): App\Controllers\Operaciones->ver_operaciones()
 7 SYSTEMPATH\CodeIgniter.php(497): CodeIgniter\CodeIgniter->runController(Object(App\Controllers\Operaciones))
 8 SYSTEMPATH\CodeIgniter.php(366): CodeIgniter\CodeIgniter->handleRequest(null, Object(Config\Cache), false)
 9 FCPATH\index.php(67): CodeIgniter\CodeIgniter->run()
CRITICAL - 2023-08-05 01:25:32 --> Undefined variable $registros
in APPPATH\Views\ver_operaciones.php on line 15.
 1 APPPATH\Views\ver_operaciones.php(15): CodeIgniter\Debug\Exceptions->errorHandler(2, 'Undefined variable $registros', 'C:\\xampp\\htdocs\\crud_codeigniter\\app\\Views\\ver_operaciones.php', 15)
 2 SYSTEMPATH\View\View.php(224): include('C:\\xampp\\htdocs\\crud_codeigniter\\app\\Views\\ver_operaciones.php')
 3 SYSTEMPATH\View\View.php(227): CodeIgniter\View\View->CodeIgniter\View\{closure}()
 4 SYSTEMPATH\Common.php(1176): CodeIgniter\View\View->render('ver_operaciones', [], true)
 5 APPPATH\Controllers\Operaciones.php(59): view('ver_operaciones', [...])
 6 SYSTEMPATH\CodeIgniter.php(932): App\Controllers\Operaciones->ver_operaciones()
 7 SYSTEMPATH\CodeIgniter.php(497): CodeIgniter\CodeIgniter->runController(Object(App\Controllers\Operaciones))
 8 SYSTEMPATH\CodeIgniter.php(366): CodeIgniter\CodeIgniter->handleRequest(null, Object(Config\Cache), false)
 9 FCPATH\index.php(67): CodeIgniter\CodeIgniter->run()
CRITICAL - 2023-08-05 01:25:32 --> Undefined variable $registros
in APPPATH\Views\ver_operaciones.php on line 15.
 1 APPPATH\Views\ver_operaciones.php(15): CodeIgniter\Debug\Exceptions->errorHandler(2, 'Undefined variable $registros', 'C:\\xampp\\htdocs\\crud_codeigniter\\app\\Views\\ver_operaciones.php', 15)
 2 SYSTEMPATH\View\View.php(224): include('C:\\xampp\\htdocs\\crud_codeigniter\\app\\Views\\ver_operaciones.php')
 3 SYSTEMPATH\View\View.php(227): CodeIgniter\View\View->CodeIgniter\View\{closure}()
 4 SYSTEMPATH\Common.php(1176): CodeIgniter\View\View->render('ver_operaciones', [], true)
 5 APPPATH\Controllers\Operaciones.php(59): view('ver_operaciones', [...])
 6 SYSTEMPATH\CodeIgniter.php(932): App\Controllers\Operaciones->ver_operaciones()
 7 SYSTEMPATH\CodeIgniter.php(497): CodeIgniter\CodeIgniter->runController(Object(App\Controllers\Operaciones))
 8 SYSTEMPATH\CodeIgniter.php(366): CodeIgniter\CodeIgniter->handleRequest(null, Object(Config\Cache), false)
 9 FCPATH\index.php(67): CodeIgniter\CodeIgniter->run()
CRITICAL - 2023-08-05 01:25:33 --> Undefined variable $registros
in APPPATH\Views\ver_operaciones.php on line 15.
 1 APPPATH\Views\ver_operaciones.php(15): CodeIgniter\Debug\Exceptions->errorHandler(2, 'Undefined variable $registros', 'C:\\xampp\\htdocs\\crud_codeigniter\\app\\Views\\ver_operaciones.php', 15)
 2 SYSTEMPATH\View\View.php(224): include('C:\\xampp\\htdocs\\crud_codeigniter\\app\\Views\\ver_operaciones.php')
 3 SYSTEMPATH\View\View.php(227): CodeIgniter\View\View->CodeIgniter\View\{closure}()
 4 SYSTEMPATH\Common.php(1176): CodeIgniter\View\View->render('ver_operaciones', [], true)
 5 APPPATH\Controllers\Operaciones.php(59): view('ver_operaciones', [...])
 6 SYSTEMPATH\CodeIgniter.php(932): App\Controllers\Operaciones->ver_operaciones()
 7 SYSTEMPATH\CodeIgniter.php(497): CodeIgniter\CodeIgniter->runController(Object(App\Controllers\Operaciones))
 8 SYSTEMPATH\CodeIgniter.php(366): CodeIgniter\CodeIgniter->handleRequest(null, Object(Config\Cache), false)
 9 FCPATH\index.php(67): CodeIgniter\CodeIgniter->run()
CRITICAL - 2023-08-05 01:25:44 --> Undefined variable $registros
in APPPATH\Views\ver_operaciones.php on line 15.
 1 APPPATH\Views\ver_operaciones.php(15): CodeIgniter\Debug\Exceptions->errorHandler(2, 'Undefined variable $registros', 'C:\\xampp\\htdocs\\crud_codeigniter\\app\\Views\\ver_operaciones.php', 15)
 2 SYSTEMPATH\View\View.php(224): include('C:\\xampp\\htdocs\\crud_codeigniter\\app\\Views\\ver_operaciones.php')
 3 SYSTEMPATH\View\View.php(227): CodeIgniter\View\View->CodeIgniter\View\{closure}()
 4 SYSTEMPATH\Common.php(1176): CodeIgniter\View\View->render('ver_operaciones', [], true)
 5 APPPATH\Controllers\Operaciones.php(60): view('ver_operaciones', [...])
 6 SYSTEMPATH\CodeIgniter.php(932): App\Controllers\Operaciones->ver_operaciones()
 7 SYSTEMPATH\CodeIgniter.php(497): CodeIgniter\CodeIgniter->runController(Object(App\Controllers\Operaciones))
 8 SYSTEMPATH\CodeIgniter.php(366): CodeIgniter\CodeIgniter->handleRequest(null, Object(Config\Cache), false)
 9 FCPATH\index.php(67): CodeIgniter\CodeIgniter->run()
CRITICAL - 2023-08-05 01:25:45 --> Undefined variable $registros
in APPPATH\Views\ver_operaciones.php on line 15.
 1 APPPATH\Views\ver_operaciones.php(15): CodeIgniter\Debug\Exceptions->errorHandler(2, 'Undefined variable $registros', 'C:\\xampp\\htdocs\\crud_codeigniter\\app\\Views\\ver_operaciones.php', 15)
 2 SYSTEMPATH\View\View.php(224): include('C:\\xampp\\htdocs\\crud_codeigniter\\app\\Views\\ver_operaciones.php')
 3 SYSTEMPATH\View\View.php(227): CodeIgniter\View\View->CodeIgniter\View\{closure}()
 4 SYSTEMPATH\Common.php(1176): CodeIgniter\View\View->render('ver_operaciones', [], true)
 5 APPPATH\Controllers\Operaciones.php(60): view('ver_operaciones', [...])
 6 SYSTEMPATH\CodeIgniter.php(932): App\Controllers\Operaciones->ver_operaciones()
 7 SYSTEMPATH\CodeIgniter.php(497): CodeIgniter\CodeIgniter->runController(Object(App\Controllers\Operaciones))
 8 SYSTEMPATH\CodeIgniter.php(366): CodeIgniter\CodeIgniter->handleRequest(null, Object(Config\Cache), false)
 9 FCPATH\index.php(67): CodeIgniter\CodeIgniter->run()
CRITICAL - 2023-08-05 01:25:45 --> Undefined variable $registros
in APPPATH\Views\ver_operaciones.php on line 15.
 1 APPPATH\Views\ver_operaciones.php(15): CodeIgniter\Debug\Exceptions->errorHandler(2, 'Undefined variable $registros', 'C:\\xampp\\htdocs\\crud_codeigniter\\app\\Views\\ver_operaciones.php', 15)
 2 SYSTEMPATH\View\View.php(224): include('C:\\xampp\\htdocs\\crud_codeigniter\\app\\Views\\ver_operaciones.php')
 3 SYSTEMPATH\View\View.php(227): CodeIgniter\View\View->CodeIgniter\View\{closure}()
 4 SYSTEMPATH\Common.php(1176): CodeIgniter\View\View->render('ver_operaciones', [], true)
 5 APPPATH\Controllers\Operaciones.php(60): view('ver_operaciones', [...])
 6 SYSTEMPATH\CodeIgniter.php(932): App\Controllers\Operaciones->ver_operaciones()
 7 SYSTEMPATH\CodeIgniter.php(497): CodeIgniter\CodeIgniter->runController(Object(App\Controllers\Operaciones))
 8 SYSTEMPATH\CodeIgniter.php(366): CodeIgniter\CodeIgniter->handleRequest(null, Object(Config\Cache), false)
 9 FCPATH\index.php(67): CodeIgniter\CodeIgniter->run()
CRITICAL - 2023-08-05 01:25:48 --> Undefined variable $registros
in APPPATH\Views\ver_operaciones.php on line 15.
 1 APPPATH\Views\ver_operaciones.php(15): CodeIgniter\Debug\Exceptions->errorHandler(2, 'Undefined variable $registros', 'C:\\xampp\\htdocs\\crud_codeigniter\\app\\Views\\ver_operaciones.php', 15)
 2 SYSTEMPATH\View\View.php(224): include('C:\\xampp\\htdocs\\crud_codeigniter\\app\\Views\\ver_operaciones.php')
 3 SYSTEMPATH\View\View.php(227): CodeIgniter\View\View->CodeIgniter\View\{closure}()
 4 SYSTEMPATH\Common.php(1176): CodeIgniter\View\View->render('ver_operaciones', [], true)
 5 APPPATH\Controllers\Operaciones.php(64): view('ver_operaciones', [...])
 6 SYSTEMPATH\CodeIgniter.php(932): App\Controllers\Operaciones->ver_operaciones()
 7 SYSTEMPATH\CodeIgniter.php(497): CodeIgniter\CodeIgniter->runController(Object(App\Controllers\Operaciones))
 8 SYSTEMPATH\CodeIgniter.php(366): CodeIgniter\CodeIgniter->handleRequest(null, Object(Config\Cache), false)
 9 FCPATH\index.php(67): CodeIgniter\CodeIgniter->run()
CRITICAL - 2023-08-05 01:25:48 --> Undefined variable $registros
in APPPATH\Views\ver_operaciones.php on line 15.
 1 APPPATH\Views\ver_operaciones.php(15): CodeIgniter\Debug\Exceptions->errorHandler(2, 'Undefined variable $registros', 'C:\\xampp\\htdocs\\crud_codeigniter\\app\\Views\\ver_operaciones.php', 15)
 2 SYSTEMPATH\View\View.php(224): include('C:\\xampp\\htdocs\\crud_codeigniter\\app\\Views\\ver_operaciones.php')
 3 SYSTEMPATH\View\View.php(227): CodeIgniter\View\View->CodeIgniter\View\{closure}()
 4 SYSTEMPATH\Common.php(1176): CodeIgniter\View\View->render('ver_operaciones', [], true)
 5 APPPATH\Controllers\Operaciones.php(64): view('ver_operaciones', [...])
 6 SYSTEMPATH\CodeIgniter.php(932): App\Controllers\Operaciones->ver_operaciones()
 7 SYSTEMPATH\CodeIgniter.php(497): CodeIgniter\CodeIgniter->runController(Object(App\Controllers\Operaciones))
 8 SYSTEMPATH\CodeIgniter.php(366): CodeIgniter\CodeIgniter->handleRequest(null, Object(Config\Cache), false)
 9 FCPATH\index.php(67): CodeIgniter\CodeIgniter->run()
CRITICAL - 2023-08-05 01:26:13 --> Undefined variable $registros
in APPPATH\Views\ver_operaciones.php on line 15.
 1 APPPATH\Views\ver_operaciones.php(15): CodeIgniter\Debug\Exceptions->errorHandler(2, 'Undefined variable $registros', 'C:\\xampp\\htdocs\\crud_codeigniter\\app\\Views\\ver_operaciones.php', 15)
 2 SYSTEMPATH\View\View.php(224): include('C:\\xampp\\htdocs\\crud_codeigniter\\app\\Views\\ver_operaciones.php')
 3 SYSTEMPATH\View\View.php(227): CodeIgniter\View\View->CodeIgniter\View\{closure}()
 4 SYSTEMPATH\Common.php(1176): CodeIgniter\View\View->render('ver_operaciones', [], true)
 5 APPPATH\Controllers\Operaciones.php(64): view('ver_operaciones', [...])
 6 SYSTEMPATH\CodeIgniter.php(932): App\Controllers\Operaciones->ver_operaciones()
 7 SYSTEMPATH\CodeIgniter.php(497): CodeIgniter\CodeIgniter->runController(Object(App\Controllers\Operaciones))
 8 SYSTEMPATH\CodeIgniter.php(366): CodeIgniter\CodeIgniter->handleRequest(null, Object(Config\Cache), false)
 9 FCPATH\index.php(67): CodeIgniter\CodeIgniter->run()
CRITICAL - 2023-08-05 01:26:13 --> Undefined variable $registros
in APPPATH\Views\ver_operaciones.php on line 15.
 1 APPPATH\Views\ver_operaciones.php(15): CodeIgniter\Debug\Exceptions->errorHandler(2, 'Undefined variable $registros', 'C:\\xampp\\htdocs\\crud_codeigniter\\app\\Views\\ver_operaciones.php', 15)
 2 SYSTEMPATH\View\View.php(224): include('C:\\xampp\\htdocs\\crud_codeigniter\\app\\Views\\ver_operaciones.php')
 3 SYSTEMPATH\View\View.php(227): CodeIgniter\View\View->CodeIgniter\View\{closure}()
 4 SYSTEMPATH\Common.php(1176): CodeIgniter\View\View->render('ver_operaciones', [], true)
 5 APPPATH\Controllers\Operaciones.php(64): view('ver_operaciones', [...])
 6 SYSTEMPATH\CodeIgniter.php(932): App\Controllers\Operaciones->ver_operaciones()
 7 SYSTEMPATH\CodeIgniter.php(497): CodeIgniter\CodeIgniter->runController(Object(App\Controllers\Operaciones))
 8 SYSTEMPATH\CodeIgniter.php(366): CodeIgniter\CodeIgniter->handleRequest(null, Object(Config\Cache), false)
 9 FCPATH\index.php(67): CodeIgniter\CodeIgniter->run()
CRITICAL - 2023-08-05 01:26:13 --> Undefined variable $registros
in APPPATH\Views\ver_operaciones.php on line 15.
 1 APPPATH\Views\ver_operaciones.php(15): CodeIgniter\Debug\Exceptions->errorHandler(2, 'Undefined variable $registros', 'C:\\xampp\\htdocs\\crud_codeigniter\\app\\Views\\ver_operaciones.php', 15)
 2 SYSTEMPATH\View\View.php(224): include('C:\\xampp\\htdocs\\crud_codeigniter\\app\\Views\\ver_operaciones.php')
 3 SYSTEMPATH\View\View.php(227): CodeIgniter\View\View->CodeIgniter\View\{closure}()
 4 SYSTEMPATH\Common.php(1176): CodeIgniter\View\View->render('ver_operaciones', [], true)
 5 APPPATH\Controllers\Operaciones.php(64): view('ver_operaciones', [...])
 6 SYSTEMPATH\CodeIgniter.php(932): App\Controllers\Operaciones->ver_operaciones()
 7 SYSTEMPATH\CodeIgniter.php(497): CodeIgniter\CodeIgniter->runController(Object(App\Controllers\Operaciones))
 8 SYSTEMPATH\CodeIgniter.php(366): CodeIgniter\CodeIgniter->handleRequest(null, Object(Config\Cache), false)
 9 FCPATH\index.php(67): CodeIgniter\CodeIgniter->run()
CRITICAL - 2023-08-05 01:29:59 --> Undefined variable $registros
in APPPATH\Views\ver_operaciones.php on line 15.
 1 APPPATH\Views\ver_operaciones.php(15): CodeIgniter\Debug\Exceptions->errorHandler(2, 'Undefined variable $registros', 'C:\\xampp\\htdocs\\crud_codeigniter\\app\\Views\\ver_operaciones.php', 15)
 2 SYSTEMPATH\View\View.php(224): include('C:\\xampp\\htdocs\\crud_codeigniter\\app\\Views\\ver_operaciones.php')
 3 SYSTEMPATH\View\View.php(227): CodeIgniter\View\View->CodeIgniter\View\{closure}()
 4 SYSTEMPATH\Common.php(1176): CodeIgniter\View\View->render('ver_operaciones', [], true)
 5 APPPATH\Controllers\Operaciones.php(19): view('ver_operaciones', [...])
 6 SYSTEMPATH\CodeIgniter.php(932): App\Controllers\Operaciones->ver_operaciones()
 7 SYSTEMPATH\CodeIgniter.php(497): CodeIgniter\CodeIgniter->runController(Object(App\Controllers\Operaciones))
 8 SYSTEMPATH\CodeIgniter.php(366): CodeIgniter\CodeIgniter->handleRequest(null, Object(Config\Cache), false)
 9 FCPATH\index.php(67): CodeIgniter\CodeIgniter->run()
CRITICAL - 2023-08-05 01:30:00 --> Undefined variable $registros
in APPPATH\Views\ver_operaciones.php on line 15.
 1 APPPATH\Views\ver_operaciones.php(15): CodeIgniter\Debug\Exceptions->errorHandler(2, 'Undefined variable $registros', 'C:\\xampp\\htdocs\\crud_codeigniter\\app\\Views\\ver_operaciones.php', 15)
 2 SYSTEMPATH\View\View.php(224): include('C:\\xampp\\htdocs\\crud_codeigniter\\app\\Views\\ver_operaciones.php')
 3 SYSTEMPATH\View\View.php(227): CodeIgniter\View\View->CodeIgniter\View\{closure}()
 4 SYSTEMPATH\Common.php(1176): CodeIgniter\View\View->render('ver_operaciones', [], true)
 5 APPPATH\Controllers\Operaciones.php(19): view('ver_operaciones', [...])
 6 SYSTEMPATH\CodeIgniter.php(932): App\Controllers\Operaciones->ver_operaciones()
 7 SYSTEMPATH\CodeIgniter.php(497): CodeIgniter\CodeIgniter->runController(Object(App\Controllers\Operaciones))
 8 SYSTEMPATH\CodeIgniter.php(366): CodeIgniter\CodeIgniter->handleRequest(null, Object(Config\Cache), false)
 9 FCPATH\index.php(67): CodeIgniter\CodeIgniter->run()
CRITICAL - 2023-08-05 01:34:13 --> Undefined variable $registros
in APPPATH\Views\ver_operaciones.php on line 15.
 1 APPPATH\Views\ver_operaciones.php(15): CodeIgniter\Debug\Exceptions->errorHandler(2, 'Undefined variable $registros', 'C:\\xampp\\htdocs\\crud_codeigniter\\app\\Views\\ver_operaciones.php', 15)
 2 SYSTEMPATH\View\View.php(224): include('C:\\xampp\\htdocs\\crud_codeigniter\\app\\Views\\ver_operaciones.php')
 3 SYSTEMPATH\View\View.php(227): CodeIgniter\View\View->CodeIgniter\View\{closure}()
 4 SYSTEMPATH\Common.php(1176): CodeIgniter\View\View->render('ver_operaciones', [], true)
 5 APPPATH\Controllers\Operaciones.php(33): view('ver_operaciones', [...])
 6 SYSTEMPATH\CodeIgniter.php(932): App\Controllers\Operaciones->ver_operaciones()
 7 SYSTEMPATH\CodeIgniter.php(497): CodeIgniter\CodeIgniter->runController(Object(App\Controllers\Operaciones))
 8 SYSTEMPATH\CodeIgniter.php(366): CodeIgniter\CodeIgniter->handleRequest(null, Object(Config\Cache), false)
 9 FCPATH\index.php(67): CodeIgniter\CodeIgniter->run()
CRITICAL - 2023-08-05 01:34:14 --> Undefined variable $registros
in APPPATH\Views\ver_operaciones.php on line 15.
 1 APPPATH\Views\ver_operaciones.php(15): CodeIgniter\Debug\Exceptions->errorHandler(2, 'Undefined variable $registros', 'C:\\xampp\\htdocs\\crud_codeigniter\\app\\Views\\ver_operaciones.php', 15)
 2 SYSTEMPATH\View\View.php(224): include('C:\\xampp\\htdocs\\crud_codeigniter\\app\\Views\\ver_operaciones.php')
 3 SYSTEMPATH\View\View.php(227): CodeIgniter\View\View->CodeIgniter\View\{closure}()
 4 SYSTEMPATH\Common.php(1176): CodeIgniter\View\View->render('ver_operaciones', [], true)
 5 APPPATH\Controllers\Operaciones.php(33): view('ver_operaciones', [...])
 6 SYSTEMPATH\CodeIgniter.php(932): App\Controllers\Operaciones->ver_operaciones()
 7 SYSTEMPATH\CodeIgniter.php(497): CodeIgniter\CodeIgniter->runController(Object(App\Controllers\Operaciones))
 8 SYSTEMPATH\CodeIgniter.php(366): CodeIgniter\CodeIgniter->handleRequest(null, Object(Config\Cache), false)
 9 FCPATH\index.php(67): CodeIgniter\CodeIgniter->run()
CRITICAL - 2023-08-05 01:34:14 --> Undefined variable $registros
in APPPATH\Views\ver_operaciones.php on line 15.
 1 APPPATH\Views\ver_operaciones.php(15): CodeIgniter\Debug\Exceptions->errorHandler(2, 'Undefined variable $registros', 'C:\\xampp\\htdocs\\crud_codeigniter\\app\\Views\\ver_operaciones.php', 15)
 2 SYSTEMPATH\View\View.php(224): include('C:\\xampp\\htdocs\\crud_codeigniter\\app\\Views\\ver_operaciones.php')
 3 SYSTEMPATH\View\View.php(227): CodeIgniter\View\View->CodeIgniter\View\{closure}()
 4 SYSTEMPATH\Common.php(1176): CodeIgniter\View\View->render('ver_operaciones', [], true)
 5 APPPATH\Controllers\Operaciones.php(33): view('ver_operaciones', [...])
 6 SYSTEMPATH\CodeIgniter.php(932): App\Controllers\Operaciones->ver_operaciones()
 7 SYSTEMPATH\CodeIgniter.php(497): CodeIgniter\CodeIgniter->runController(Object(App\Controllers\Operaciones))
 8 SYSTEMPATH\CodeIgniter.php(366): CodeIgniter\CodeIgniter->handleRequest(null, Object(Config\Cache), false)
 9 FCPATH\index.php(67): CodeIgniter\CodeIgniter->run()
CRITICAL - 2023-08-05 01:35:08 --> Undefined variable $registros
in APPPATH\Views\ver_operaciones.php on line 15.
 1 APPPATH\Views\ver_operaciones.php(15): CodeIgniter\Debug\Exceptions->errorHandler(2, 'Undefined variable $registros', 'C:\\xampp\\htdocs\\crud_codeigniter\\app\\Views\\ver_operaciones.php', 15)
 2 SYSTEMPATH\View\View.php(224): include('C:\\xampp\\htdocs\\crud_codeigniter\\app\\Views\\ver_operaciones.php')
 3 SYSTEMPATH\View\View.php(227): CodeIgniter\View\View->CodeIgniter\View\{closure}()
 4 SYSTEMPATH\Common.php(1176): CodeIgniter\View\View->render('ver_operaciones', [], true)
 5 APPPATH\Controllers\Operaciones.php(33): view('ver_operaciones', [...])
 6 SYSTEMPATH\CodeIgniter.php(932): App\Controllers\Operaciones->ver_operaciones()
 7 SYSTEMPATH\CodeIgniter.php(497): CodeIgniter\CodeIgniter->runController(Object(App\Controllers\Operaciones))
 8 SYSTEMPATH\CodeIgniter.php(366): CodeIgniter\CodeIgniter->handleRequest(null, Object(Config\Cache), false)
 9 FCPATH\index.php(67): CodeIgniter\CodeIgniter->run()
CRITICAL - 2023-08-05 01:35:09 --> Undefined variable $registros
in APPPATH\Views\ver_operaciones.php on line 15.
 1 APPPATH\Views\ver_operaciones.php(15): CodeIgniter\Debug\Exceptions->errorHandler(2, 'Undefined variable $registros', 'C:\\xampp\\htdocs\\crud_codeigniter\\app\\Views\\ver_operaciones.php', 15)
 2 SYSTEMPATH\View\View.php(224): include('C:\\xampp\\htdocs\\crud_codeigniter\\app\\Views\\ver_operaciones.php')
 3 SYSTEMPATH\View\View.php(227): CodeIgniter\View\View->CodeIgniter\View\{closure}()
 4 SYSTEMPATH\Common.php(1176): CodeIgniter\View\View->render('ver_operaciones', [], true)
 5 APPPATH\Controllers\Operaciones.php(33): view('ver_operaciones', [...])
 6 SYSTEMPATH\CodeIgniter.php(932): App\Controllers\Operaciones->ver_operaciones()
 7 SYSTEMPATH\CodeIgniter.php(497): CodeIgniter\CodeIgniter->runController(Object(App\Controllers\Operaciones))
 8 SYSTEMPATH\CodeIgniter.php(366): CodeIgniter\CodeIgniter->handleRequest(null, Object(Config\Cache), false)
 9 FCPATH\index.php(67): CodeIgniter\CodeIgniter->run()
CRITICAL - 2023-08-05 01:35:09 --> Undefined variable $registros
in APPPATH\Views\ver_operaciones.php on line 15.
 1 APPPATH\Views\ver_operaciones.php(15): CodeIgniter\Debug\Exceptions->errorHandler(2, 'Undefined variable $registros', 'C:\\xampp\\htdocs\\crud_codeigniter\\app\\Views\\ver_operaciones.php', 15)
 2 SYSTEMPATH\View\View.php(224): include('C:\\xampp\\htdocs\\crud_codeigniter\\app\\Views\\ver_operaciones.php')
 3 SYSTEMPATH\View\View.php(227): CodeIgniter\View\View->CodeIgniter\View\{closure}()
 4 SYSTEMPATH\Common.php(1176): CodeIgniter\View\View->render('ver_operaciones', [], true)
 5 APPPATH\Controllers\Operaciones.php(33): view('ver_operaciones', [...])
 6 SYSTEMPATH\CodeIgniter.php(932): App\Controllers\Operaciones->ver_operaciones()
 7 SYSTEMPATH\CodeIgniter.php(497): CodeIgniter\CodeIgniter->runController(Object(App\Controllers\Operaciones))
 8 SYSTEMPATH\CodeIgniter.php(366): CodeIgniter\CodeIgniter->handleRequest(null, Object(Config\Cache), false)
 9 FCPATH\index.php(67): CodeIgniter\CodeIgniter->run()
CRITICAL - 2023-08-05 01:35:53 --> Undefined variable $registros
in APPPATH\Views\ver_operaciones.php on line 15.
 1 APPPATH\Views\ver_operaciones.php(15): CodeIgniter\Debug\Exceptions->errorHandler(2, 'Undefined variable $registros', 'C:\\xampp\\htdocs\\crud_codeigniter\\app\\Views\\ver_operaciones.php', 15)
 2 SYSTEMPATH\View\View.php(224): include('C:\\xampp\\htdocs\\crud_codeigniter\\app\\Views\\ver_operaciones.php')
 3 SYSTEMPATH\View\View.php(227): CodeIgniter\View\View->CodeIgniter\View\{closure}()
 4 SYSTEMPATH\Common.php(1176): CodeIgniter\View\View->render('ver_operaciones', [], true)
 5 APPPATH\Controllers\Operaciones.php(33): view('ver_operaciones', [...])
 6 SYSTEMPATH\CodeIgniter.php(932): App\Controllers\Operaciones->ver_operaciones()
 7 SYSTEMPATH\CodeIgniter.php(497): CodeIgniter\CodeIgniter->runController(Object(App\Controllers\Operaciones))
 8 SYSTEMPATH\CodeIgniter.php(366): CodeIgniter\CodeIgniter->handleRequest(null, Object(Config\Cache), false)
 9 FCPATH\index.php(67): CodeIgniter\CodeIgniter->run()
CRITICAL - 2023-08-05 01:35:59 --> Undefined variable $registros
in APPPATH\Views\ver_operaciones.php on line 15.
 1 APPPATH\Views\ver_operaciones.php(15): CodeIgniter\Debug\Exceptions->errorHandler(2, 'Undefined variable $registros', 'C:\\xampp\\htdocs\\crud_codeigniter\\app\\Views\\ver_operaciones.php', 15)
 2 SYSTEMPATH\View\View.php(224): include('C:\\xampp\\htdocs\\crud_codeigniter\\app\\Views\\ver_operaciones.php')
 3 SYSTEMPATH\View\View.php(227): CodeIgniter\View\View->CodeIgniter\View\{closure}()
 4 SYSTEMPATH\Common.php(1176): CodeIgniter\View\View->render('ver_operaciones', [], true)
 5 APPPATH\Controllers\Operaciones.php(33): view('ver_operaciones', [...])
 6 SYSTEMPATH\CodeIgniter.php(932): App\Controllers\Operaciones->ver_operaciones()
 7 SYSTEMPATH\CodeIgniter.php(497): CodeIgniter\CodeIgniter->runController(Object(App\Controllers\Operaciones))
 8 SYSTEMPATH\CodeIgniter.php(366): CodeIgniter\CodeIgniter->handleRequest(null, Object(Config\Cache), false)
 9 FCPATH\index.php(67): CodeIgniter\CodeIgniter->run()
CRITICAL - 2023-08-05 01:35:59 --> Undefined variable $registros
in APPPATH\Views\ver_operaciones.php on line 15.
 1 APPPATH\Views\ver_operaciones.php(15): CodeIgniter\Debug\Exceptions->errorHandler(2, 'Undefined variable $registros', 'C:\\xampp\\htdocs\\crud_codeigniter\\app\\Views\\ver_operaciones.php', 15)
 2 SYSTEMPATH\View\View.php(224): include('C:\\xampp\\htdocs\\crud_codeigniter\\app\\Views\\ver_operaciones.php')
 3 SYSTEMPATH\View\View.php(227): CodeIgniter\View\View->CodeIgniter\View\{closure}()
 4 SYSTEMPATH\Common.php(1176): CodeIgniter\View\View->render('ver_operaciones', [], true)
 5 APPPATH\Controllers\Operaciones.php(33): view('ver_operaciones', [...])
 6 SYSTEMPATH\CodeIgniter.php(932): App\Controllers\Operaciones->ver_operaciones()
 7 SYSTEMPATH\CodeIgniter.php(497): CodeIgniter\CodeIgniter->runController(Object(App\Controllers\Operaciones))
 8 SYSTEMPATH\CodeIgniter.php(366): CodeIgniter\CodeIgniter->handleRequest(null, Object(Config\Cache), false)
 9 FCPATH\index.php(67): CodeIgniter\CodeIgniter->run()
ERROR - 2023-08-05 01:59:39 --> Error connecting to the database: mysqli_sql_exception: Unknown database 'operacione' in C:\xampp\htdocs\crud_codeigniter\system\Database\MySQLi\Connection.php:173
Stack trace:
#0 C:\xampp\htdocs\crud_codeigniter\system\Database\MySQLi\Connection.php(173): mysqli->real_connect('127.0.0.1', 'root', Object(SensitiveParameterValue), 'operacione', 3306, '', 0)
#1 C:\xampp\htdocs\crud_codeigniter\system\Database\BaseConnection.php(391): CodeIgniter\Database\MySQLi\Connection->connect(false)
#2 C:\xampp\htdocs\crud_codeigniter\system\Database\BaseConnection.php(574): CodeIgniter\Database\BaseConnection->initialize()
#3 C:\xampp\htdocs\crud_codeigniter\system\Database\BaseBuilder.php(1616): CodeIgniter\Database\BaseConnection->query('SELECT *\nFROM `...', Array, false)
#4 C:\xampp\htdocs\crud_codeigniter\system\Model.php(241): CodeIgniter\Database\BaseBuilder->get()
#5 C:\xampp\htdocs\crud_codeigniter\system\BaseModel.php(618): CodeIgniter\Model->doFindAll(0, 0)
#6 C:\xampp\htdocs\crud_codeigniter\app\Controllers\Operaciones.php(31): CodeIgniter\BaseModel->findAll()
#7 C:\xampp\htdocs\crud_codeigniter\system\CodeIgniter.php(932): App\Controllers\Operaciones->ver_operaciones()
#8 C:\xampp\htdocs\crud_codeigniter\system\CodeIgniter.php(497): CodeIgniter\CodeIgniter->runController(Object(App\Controllers\Operaciones))
#9 C:\xampp\htdocs\crud_codeigniter\system\CodeIgniter.php(366): CodeIgniter\CodeIgniter->handleRequest(NULL, Object(Config\Cache), false)
#10 C:\xampp\htdocs\crud_codeigniter\public\index.php(67): CodeIgniter\CodeIgniter->run()
#11 {main}

Next CodeIgniter\Database\Exceptions\DatabaseException: Unknown database 'operacione' in C:\xampp\htdocs\crud_codeigniter\system\Database\MySQLi\Connection.php:218
Stack trace:
#0 C:\xampp\htdocs\crud_codeigniter\system\Database\BaseConnection.php(391): CodeIgniter\Database\MySQLi\Connection->connect(false)
#1 C:\xampp\htdocs\crud_codeigniter\system\Database\BaseConnection.php(574): CodeIgniter\Database\BaseConnection->initialize()
#2 C:\xampp\htdocs\crud_codeigniter\system\Database\BaseBuilder.php(1616): CodeIgniter\Database\BaseConnection->query('SELECT *\nFROM `...', Array, false)
#3 C:\xampp\htdocs\crud_codeigniter\system\Model.php(241): CodeIgniter\Database\BaseBuilder->get()
#4 C:\xampp\htdocs\crud_codeigniter\system\BaseModel.php(618): CodeIgniter\Model->doFindAll(0, 0)
#5 C:\xampp\htdocs\crud_codeigniter\app\Controllers\Operaciones.php(31): CodeIgniter\BaseModel->findAll()
#6 C:\xampp\htdocs\crud_codeigniter\system\CodeIgniter.php(932): App\Controllers\Operaciones->ver_operaciones()
#7 C:\xampp\htdocs\crud_codeigniter\system\CodeIgniter.php(497): CodeIgniter\CodeIgniter->runController(Object(App\Controllers\Operaciones))
#8 C:\xampp\htdocs\crud_codeigniter\system\CodeIgniter.php(366): CodeIgniter\CodeIgniter->handleRequest(NULL, Object(Config\Cache), false)
#9 C:\xampp\htdocs\crud_codeigniter\public\index.php(67): CodeIgniter\CodeIgniter->run()
#10 {main}
CRITICAL - 2023-08-05 01:59:39 --> Unable to connect to the database.
Main connection [MySQLi]: Unknown database 'operacione'
in SYSTEMPATH\Database\BaseConnection.php on line 427.
 1 SYSTEMPATH\Database\BaseConnection.php(574): CodeIgniter\Database\BaseConnection->initialize()
 2 SYSTEMPATH\Database\BaseBuilder.php(1616): CodeIgniter\Database\BaseConnection->query('SELECT *
FROM `operaciones`', [], false)
 3 SYSTEMPATH\Model.php(241): CodeIgniter\Database\BaseBuilder->get()
 4 SYSTEMPATH\BaseModel.php(618): CodeIgniter\Model->doFindAll(0, 0)
 5 APPPATH\Controllers\Operaciones.php(31): CodeIgniter\BaseModel->findAll()
 6 SYSTEMPATH\CodeIgniter.php(932): App\Controllers\Operaciones->ver_operaciones()
 7 SYSTEMPATH\CodeIgniter.php(497): CodeIgniter\CodeIgniter->runController(Object(App\Controllers\Operaciones))
 8 SYSTEMPATH\CodeIgniter.php(366): CodeIgniter\CodeIgniter->handleRequest(null, Object(Config\Cache), false)
 9 FCPATH\index.php(67): CodeIgniter\CodeIgniter->run()
ERROR - 2023-08-05 01:59:40 --> Error connecting to the database: mysqli_sql_exception: Unknown database 'operacione' in C:\xampp\htdocs\crud_codeigniter\system\Database\MySQLi\Connection.php:173
Stack trace:
#0 C:\xampp\htdocs\crud_codeigniter\system\Database\MySQLi\Connection.php(173): mysqli->real_connect('127.0.0.1', 'root', Object(SensitiveParameterValue), 'operacione', 3306, '', 0)
#1 C:\xampp\htdocs\crud_codeigniter\system\Database\BaseConnection.php(391): CodeIgniter\Database\MySQLi\Connection->connect(false)
#2 C:\xampp\htdocs\crud_codeigniter\system\Database\BaseConnection.php(574): CodeIgniter\Database\BaseConnection->initialize()
#3 C:\xampp\htdocs\crud_codeigniter\system\Database\BaseBuilder.php(1616): CodeIgniter\Database\BaseConnection->query('SELECT *\nFROM `...', Array, false)
#4 C:\xampp\htdocs\crud_codeigniter\system\Model.php(241): CodeIgniter\Database\BaseBuilder->get()
#5 C:\xampp\htdocs\crud_codeigniter\system\BaseModel.php(618): CodeIgniter\Model->doFindAll(0, 0)
#6 C:\xampp\htdocs\crud_codeigniter\app\Controllers\Operaciones.php(31): CodeIgniter\BaseModel->findAll()
#7 C:\xampp\htdocs\crud_codeigniter\system\CodeIgniter.php(932): App\Controllers\Operaciones->ver_operaciones()
#8 C:\xampp\htdocs\crud_codeigniter\system\CodeIgniter.php(497): CodeIgniter\CodeIgniter->runController(Object(App\Controllers\Operaciones))
#9 C:\xampp\htdocs\crud_codeigniter\system\CodeIgniter.php(366): CodeIgniter\CodeIgniter->handleRequest(NULL, Object(Config\Cache), false)
#10 C:\xampp\htdocs\crud_codeigniter\public\index.php(67): CodeIgniter\CodeIgniter->run()
#11 {main}

Next CodeIgniter\Database\Exceptions\DatabaseException: Unknown database 'operacione' in C:\xampp\htdocs\crud_codeigniter\system\Database\MySQLi\Connection.php:218
Stack trace:
#0 C:\xampp\htdocs\crud_codeigniter\system\Database\BaseConnection.php(391): CodeIgniter\Database\MySQLi\Connection->connect(false)
#1 C:\xampp\htdocs\crud_codeigniter\system\Database\BaseConnection.php(574): CodeIgniter\Database\BaseConnection->initialize()
#2 C:\xampp\htdocs\crud_codeigniter\system\Database\BaseBuilder.php(1616): CodeIgniter\Database\BaseConnection->query('SELECT *\nFROM `...', Array, false)
#3 C:\xampp\htdocs\crud_codeigniter\system\Model.php(241): CodeIgniter\Database\BaseBuilder->get()
#4 C:\xampp\htdocs\crud_codeigniter\system\BaseModel.php(618): CodeIgniter\Model->doFindAll(0, 0)
#5 C:\xampp\htdocs\crud_codeigniter\app\Controllers\Operaciones.php(31): CodeIgniter\BaseModel->findAll()
#6 C:\xampp\htdocs\crud_codeigniter\system\CodeIgniter.php(932): App\Controllers\Operaciones->ver_operaciones()
#7 C:\xampp\htdocs\crud_codeigniter\system\CodeIgniter.php(497): CodeIgniter\CodeIgniter->runController(Object(App\Controllers\Operaciones))
#8 C:\xampp\htdocs\crud_codeigniter\system\CodeIgniter.php(366): CodeIgniter\CodeIgniter->handleRequest(NULL, Object(Config\Cache), false)
#9 C:\xampp\htdocs\crud_codeigniter\public\index.php(67): CodeIgniter\CodeIgniter->run()
#10 {main}
CRITICAL - 2023-08-05 01:59:40 --> Unable to connect to the database.
Main connection [MySQLi]: Unknown database 'operacione'
in SYSTEMPATH\Database\BaseConnection.php on line 427.
 1 SYSTEMPATH\Database\BaseConnection.php(574): CodeIgniter\Database\BaseConnection->initialize()
 2 SYSTEMPATH\Database\BaseBuilder.php(1616): CodeIgniter\Database\BaseConnection->query('SELECT *
FROM `operaciones`', [], false)
 3 SYSTEMPATH\Model.php(241): CodeIgniter\Database\BaseBuilder->get()
 4 SYSTEMPATH\BaseModel.php(618): CodeIgniter\Model->doFindAll(0, 0)
 5 APPPATH\Controllers\Operaciones.php(31): CodeIgniter\BaseModel->findAll()
 6 SYSTEMPATH\CodeIgniter.php(932): App\Controllers\Operaciones->ver_operaciones()
 7 SYSTEMPATH\CodeIgniter.php(497): CodeIgniter\CodeIgniter->runController(Object(App\Controllers\Operaciones))
 8 SYSTEMPATH\CodeIgniter.php(366): CodeIgniter\CodeIgniter->handleRequest(null, Object(Config\Cache), false)
 9 FCPATH\index.php(67): CodeIgniter\CodeIgniter->run()
